{"C:\\Users\\santi\\dev\\Mercados-de-Datos-y-Modelos-IA-Tokenizados-en-Avalanche\\inference-engine\\src\\server.js": {"path":"C:\\Users\\santi\\dev\\Mercados-de-Datos-y-Modelos-IA-Tokenizados-en-Avalanche\\inference-engine\\src\\server.js","statementMap":{"0":{"start":{"line":3,"column":0},"end":{"line":3,"column":27}},"1":{"start":{"line":4,"column":16},"end":{"line":4,"column":34}},"2":{"start":{"line":5,"column":13},"end":{"line":5,"column":28}},"3":{"start":{"line":6,"column":15},"end":{"line":6,"column":32}},"4":{"start":{"line":7,"column":15},"end":{"line":7,"column":32}},"5":{"start":{"line":10,"column":24},"end":{"line":10,"column":60}},"6":{"start":{"line":11,"column":24},"end":{"line":11,"column":46}},"7":{"start":{"line":15,"column":20},"end":{"line":15,"column":52}},"8":{"start":{"line":17,"column":15},"end":{"line":17,"column":40}},"9":{"start":{"line":18,"column":15},"end":{"line":18,"column":41}},"10":{"start":{"line":20,"column":12},"end":{"line":20,"column":21}},"11":{"start":{"line":23,"column":20},"end":{"line":29,"column":1}},"12":{"start":{"line":32,"column":0},"end":{"line":32,"column":18}},"13":{"start":{"line":33,"column":0},"end":{"line":33,"column":27}},"14":{"start":{"line":34,"column":0},"end":{"line":40,"column":2}},"15":{"start":{"line":37,"column":26},"end":{"line":37,"column":53}},"16":{"start":{"line":43,"column":0},"end":{"line":43,"column":41}},"17":{"start":{"line":44,"column":0},"end":{"line":44,"column":63}},"18":{"start":{"line":47,"column":0},"end":{"line":55,"column":3}},"19":{"start":{"line":48,"column":2},"end":{"line":54,"column":5}},"20":{"start":{"line":57,"column":0},"end":{"line":68,"column":3}},"21":{"start":{"line":58,"column":19},"end":{"line":58,"column":40}},"22":{"start":{"line":59,"column":2},"end":{"line":67,"column":5}},"23":{"start":{"line":71,"column":0},"end":{"line":71,"column":43}},"24":{"start":{"line":74,"column":0},"end":{"line":74,"column":36}},"25":{"start":{"line":75,"column":0},"end":{"line":75,"column":35}},"26":{"start":{"line":78,"column":0},"end":{"line":84,"column":3}},"27":{"start":{"line":79,"column":2},"end":{"line":83,"column":5}},"28":{"start":{"line":87,"column":0},"end":{"line":101,"column":3}},"29":{"start":{"line":88,"column":2},"end":{"line":88,"column":40}},"30":{"start":{"line":91,"column":24},"end":{"line":94,"column":3}},"31":{"start":{"line":96,"column":2},"end":{"line":98,"column":3}},"32":{"start":{"line":97,"column":4},"end":{"line":97,"column":36}},"33":{"start":{"line":100,"column":2},"end":{"line":100,"column":56}},"34":{"start":{"line":104,"column":0},"end":{"line":104,"column":40}},"35":{"start":{"line":105,"column":0},"end":{"line":105,"column":39}},"36":{"start":{"line":108,"column":2},"end":{"line":108,"column":61}},"37":{"start":{"line":111,"column":2},"end":{"line":113,"column":5}},"38":{"start":{"line":112,"column":4},"end":{"line":112,"column":38}},"39":{"start":{"line":116,"column":2},"end":{"line":124,"column":3}},"40":{"start":{"line":119,"column":4},"end":{"line":119,"column":40}},"41":{"start":{"line":120,"column":4},"end":{"line":120,"column":20}},"42":{"start":{"line":122,"column":4},"end":{"line":122,"column":50}},"43":{"start":{"line":123,"column":4},"end":{"line":123,"column":20}},"44":{"start":{"line":128,"column":0},"end":{"line":131,"column":3}},"45":{"start":{"line":129,"column":2},"end":{"line":129,"column":45}},"46":{"start":{"line":130,"column":2},"end":{"line":130,"column":18}},"47":{"start":{"line":133,"column":0},"end":{"line":136,"column":3}},"48":{"start":{"line":134,"column":2},"end":{"line":134,"column":70}},"49":{"start":{"line":135,"column":2},"end":{"line":135,"column":18}},"50":{"start":{"line":138,"column":13},"end":{"line":138,"column":31}},"51":{"start":{"line":139,"column":13},"end":{"line":139,"column":31}},"52":{"start":{"line":142,"column":15},"end":{"line":148,"column":2}},"53":{"start":{"line":143,"column":2},"end":{"line":143,"column":71}},"54":{"start":{"line":144,"column":2},"end":{"line":144,"column":78}},"55":{"start":{"line":145,"column":2},"end":{"line":145,"column":74}},"56":{"start":{"line":146,"column":2},"end":{"line":146,"column":70}},"57":{"start":{"line":147,"column":2},"end":{"line":147,"column":69}},"58":{"start":{"line":150,"column":0},"end":{"line":150,"column":21}}},"fnMap":{"0":{"name":"(anonymous_0)","decl":{"start":{"line":37,"column":13},"end":{"line":37,"column":14}},"loc":{"start":{"line":37,"column":26},"end":{"line":37,"column":53}},"line":37},"1":{"name":"(anonymous_1)","decl":{"start":{"line":47,"column":13},"end":{"line":47,"column":14}},"loc":{"start":{"line":47,"column":27},"end":{"line":55,"column":1}},"line":47},"2":{"name":"(anonymous_2)","decl":{"start":{"line":57,"column":19},"end":{"line":57,"column":20}},"loc":{"start":{"line":57,"column":33},"end":{"line":68,"column":1}},"line":57},"3":{"name":"(anonymous_3)","decl":{"start":{"line":78,"column":8},"end":{"line":78,"column":9}},"loc":{"start":{"line":78,"column":22},"end":{"line":84,"column":1}},"line":78},"4":{"name":"(anonymous_4)","decl":{"start":{"line":87,"column":8},"end":{"line":87,"column":9}},"loc":{"start":{"line":87,"column":33},"end":{"line":101,"column":1}},"line":87},"5":{"name":"gracefulShutdown","decl":{"start":{"line":107,"column":15},"end":{"line":107,"column":31}},"loc":{"start":{"line":107,"column":34},"end":{"line":125,"column":1}},"line":107},"6":{"name":"(anonymous_6)","decl":{"start":{"line":111,"column":15},"end":{"line":111,"column":16}},"loc":{"start":{"line":111,"column":21},"end":{"line":113,"column":3}},"line":111},"7":{"name":"(anonymous_7)","decl":{"start":{"line":128,"column":32},"end":{"line":128,"column":33}},"loc":{"start":{"line":128,"column":43},"end":{"line":131,"column":1}},"line":128},"8":{"name":"(anonymous_8)","decl":{"start":{"line":133,"column":33},"end":{"line":133,"column":34}},"loc":{"start":{"line":133,"column":54},"end":{"line":136,"column":1}},"line":133},"9":{"name":"(anonymous_9)","decl":{"start":{"line":142,"column":38},"end":{"line":142,"column":39}},"loc":{"start":{"line":142,"column":44},"end":{"line":148,"column":1}},"line":142}},"branchMap":{"0":{"loc":{"start":{"line":93,"column":11},"end":{"line":93,"column":49}},"type":"binary-expr","locations":[{"start":{"line":93,"column":11},"end":{"line":93,"column":22}},{"start":{"line":93,"column":26},"end":{"line":93,"column":49}}],"line":93},"1":{"loc":{"start":{"line":96,"column":2},"end":{"line":98,"column":3}},"type":"if","locations":[{"start":{"line":96,"column":2},"end":{"line":98,"column":3}},{"start":{},"end":{}}],"line":96},"2":{"loc":{"start":{"line":100,"column":13},"end":{"line":100,"column":34}},"type":"binary-expr","locations":[{"start":{"line":100,"column":13},"end":{"line":100,"column":27}},{"start":{"line":100,"column":31},"end":{"line":100,"column":34}}],"line":100},"3":{"loc":{"start":{"line":145,"column":33},"end":{"line":145,"column":70}},"type":"binary-expr","locations":[{"start":{"line":145,"column":33},"end":{"line":145,"column":53}},{"start":{"line":145,"column":57},"end":{"line":145,"column":70}}],"line":145}},"s":{"0":1,"1":1,"2":1,"3":1,"4":1,"5":1,"6":1,"7":1,"8":1,"9":1,"10":1,"11":1,"12":1,"13":1,"14":1,"15":11,"16":1,"17":1,"18":1,"19":1,"20":1,"21":1,"22":1,"23":1,"24":1,"25":1,"26":1,"27":0,"28":1,"29":0,"30":0,"31":0,"32":0,"33":0,"34":1,"35":1,"36":0,"37":0,"38":0,"39":0,"40":0,"41":0,"42":0,"43":0,"44":1,"45":0,"46":0,"47":1,"48":0,"49":0,"50":1,"51":1,"52":1,"53":0,"54":0,"55":0,"56":0,"57":0,"58":1},"f":{"0":11,"1":1,"2":1,"3":0,"4":0,"5":0,"6":0,"7":0,"8":0,"9":0},"b":{"0":[0,0],"1":[0,0],"2":[0,0],"3":[0,0]},"_coverageSchema":"1a1c01bbd47fc00a2c39e90264f33305004495a9","hash":"7281e3650288a06d199ce42ae14f19198660efa3"}
,"C:\\Users\\santi\\dev\\Mercados-de-Datos-y-Modelos-IA-Tokenizados-en-Avalanche\\inference-engine\\src\\config\\config.js": {"path":"C:\\Users\\santi\\dev\\Mercados-de-Datos-y-Modelos-IA-Tokenizados-en-Avalanche\\inference-engine\\src\\config\\config.js","statementMap":{"0":{"start":{"line":2,"column":0},"end":{"line":36,"column":2}}},"fnMap":{},"branchMap":{"0":{"loc":{"start":{"line":4,"column":12},"end":{"line":4,"column":47}},"type":"binary-expr","locations":[{"start":{"line":4,"column":12},"end":{"line":4,"column":33}},{"start":{"line":4,"column":37},"end":{"line":4,"column":47}}],"line":4},"1":{"loc":{"start":{"line":5,"column":11},"end":{"line":5,"column":43}},"type":"binary-expr","locations":[{"start":{"line":5,"column":11},"end":{"line":5,"column":31}},{"start":{"line":5,"column":35},"end":{"line":5,"column":43}}],"line":5},"2":{"loc":{"start":{"line":6,"column":21},"end":{"line":6,"column":68}},"type":"binary-expr","locations":[{"start":{"line":6,"column":21},"end":{"line":6,"column":63}},{"start":{"line":6,"column":67},"end":{"line":6,"column":68}}],"line":6},"3":{"loc":{"start":{"line":9,"column":20},"end":{"line":9,"column":68}},"type":"binary-expr","locations":[{"start":{"line":9,"column":20},"end":{"line":9,"column":59}},{"start":{"line":9,"column":63},"end":{"line":9,"column":68}}],"line":9},"4":{"loc":{"start":{"line":13,"column":10},"end":{"line":13,"column":44}},"type":"binary-expr","locations":[{"start":{"line":13,"column":10},"end":{"line":13,"column":36}},{"start":{"line":13,"column":40},"end":{"line":13,"column":44}}],"line":13},"5":{"loc":{"start":{"line":14,"column":10},"end":{"line":14,"column":39}},"type":"binary-expr","locations":[{"start":{"line":14,"column":10},"end":{"line":14,"column":26}},{"start":{"line":14,"column":30},"end":{"line":14,"column":39}}],"line":14},"6":{"loc":{"start":{"line":17,"column":15},"end":{"line":22,"column":7}},"type":"binary-expr","locations":[{"start":{"line":17,"column":15},"end":{"line":17,"column":51}},{"start":{"line":17,"column":55},"end":{"line":22,"column":7}}],"line":17},"7":{"loc":{"start":{"line":26,"column":11},"end":{"line":26,"column":48}},"type":"binary-expr","locations":[{"start":{"line":26,"column":11},"end":{"line":26,"column":31}},{"start":{"line":26,"column":35},"end":{"line":26,"column":48}}],"line":26},"8":{"loc":{"start":{"line":29,"column":12},"end":{"line":29,"column":43}},"type":"binary-expr","locations":[{"start":{"line":29,"column":12},"end":{"line":29,"column":33}},{"start":{"line":29,"column":37},"end":{"line":29,"column":43}}],"line":29},"9":{"loc":{"start":{"line":33,"column":4},"end":{"line":33,"column":72}},"type":"binary-expr","locations":[{"start":{"line":33,"column":4},"end":{"line":33,"column":32}},{"start":{"line":33,"column":36},"end":{"line":33,"column":72}}],"line":33},"10":{"loc":{"start":{"line":34,"column":25},"end":{"line":34,"column":77}},"type":"binary-expr","locations":[{"start":{"line":34,"column":25},"end":{"line":34,"column":68}},{"start":{"line":34,"column":72},"end":{"line":34,"column":77}}],"line":34},"11":{"loc":{"start":{"line":35,"column":24},"end":{"line":35,"column":72}},"type":"binary-expr","locations":[{"start":{"line":35,"column":24},"end":{"line":35,"column":66}},{"start":{"line":35,"column":70},"end":{"line":35,"column":72}}],"line":35}},"s":{"0":1},"f":{},"b":{"0":[1,1],"1":[1,1],"2":[1,1],"3":[1,1],"4":[1,1],"5":[1,1],"6":[1,1],"7":[1,0],"8":[1,1],"9":[1,1],"10":[1,1],"11":[1,1]},"_coverageSchema":"1a1c01bbd47fc00a2c39e90264f33305004495a9","hash":"6e5f98af430a41924ad53bd6de05387af14f7d05"}
,"C:\\Users\\santi\\dev\\Mercados-de-Datos-y-Modelos-IA-Tokenizados-en-Avalanche\\inference-engine\\src\\inference\\InferenceEngine.js": {"path":"C:\\Users\\santi\\dev\\Mercados-de-Datos-y-Modelos-IA-Tokenizados-en-Avalanche\\inference-engine\\src\\inference\\InferenceEngine.js","statementMap":{"0":{"start":{"line":1,"column":12},"end":{"line":1,"column":39}},"1":{"start":{"line":2,"column":15},"end":{"line":2,"column":41}},"2":{"start":{"line":6,"column":4},"end":{"line":6,"column":25}},"3":{"start":{"line":7,"column":4},"end":{"line":7,"column":59}},"4":{"start":{"line":8,"column":4},"end":{"line":8,"column":28}},"5":{"start":{"line":9,"column":4},"end":{"line":9,"column":32}},"6":{"start":{"line":20,"column":22},"end":{"line":20,"column":32}},"7":{"start":{"line":21,"column":20},"end":{"line":21,"column":58}},"8":{"start":{"line":23,"column":4},"end":{"line":73,"column":5}},"9":{"start":{"line":25,"column":6},"end":{"line":25,"column":49}},"10":{"start":{"line":28,"column":26},"end":{"line":28,"column":77}},"11":{"start":{"line":29,"column":24},"end":{"line":29,"column":55}},"12":{"start":{"line":31,"column":21},"end":{"line":31,"column":72}},"13":{"start":{"line":34,"column":20},"end":{"line":34,"column":43}},"14":{"start":{"line":37,"column":22},"end":{"line":41,"column":7}},"15":{"start":{"line":44,"column":25},"end":{"line":44,"column":57}},"16":{"start":{"line":45,"column":27},"end":{"line":45,"column":46}},"17":{"start":{"line":48,"column":28},"end":{"line":48,"column":50}},"18":{"start":{"line":49,"column":6},"end":{"line":49,"column":40}},"19":{"start":{"line":51,"column":6},"end":{"line":51,"column":64}},"20":{"start":{"line":53,"column":6},"end":{"line":58,"column":8}},"21":{"start":{"line":61,"column":28},"end":{"line":61,"column":50}},"22":{"start":{"line":62,"column":6},"end":{"line":62,"column":72}},"23":{"start":{"line":65,"column":6},"end":{"line":67,"column":7}},"24":{"start":{"line":66,"column":8},"end":{"line":66,"column":64}},"25":{"start":{"line":68,"column":6},"end":{"line":70,"column":7}},"26":{"start":{"line":69,"column":8},"end":{"line":69,"column":67}},"27":{"start":{"line":72,"column":6},"end":{"line":72,"column":70}},"28":{"start":{"line":80,"column":4},"end":{"line":89,"column":7}},"29":{"start":{"line":83,"column":8},"end":{"line":87,"column":19}},"30":{"start":{"line":84,"column":24},"end":{"line":84,"column":54}},"31":{"start":{"line":85,"column":10},"end":{"line":85,"column":38}},"32":{"start":{"line":86,"column":10},"end":{"line":86,"column":24}},"33":{"start":{"line":96,"column":4},"end":{"line":98,"column":5}},"34":{"start":{"line":97,"column":6},"end":{"line":97,"column":63}},"35":{"start":{"line":100,"column":4},"end":{"line":102,"column":5}},"36":{"start":{"line":101,"column":6},"end":{"line":101,"column":68}},"37":{"start":{"line":104,"column":26},"end":{"line":104,"column":77}},"38":{"start":{"line":105,"column":25},"end":{"line":105,"column":65}},"39":{"start":{"line":105,"column":56},"end":{"line":105,"column":61}},"40":{"start":{"line":107,"column":4},"end":{"line":111,"column":5}},"41":{"start":{"line":108,"column":6},"end":{"line":110,"column":8}},"42":{"start":{"line":119,"column":4},"end":{"line":121,"column":5}},"43":{"start":{"line":120,"column":6},"end":{"line":120,"column":24}},"44":{"start":{"line":124,"column":4},"end":{"line":126,"column":5}},"45":{"start":{"line":125,"column":6},"end":{"line":125,"column":62}},"46":{"start":{"line":128,"column":4},"end":{"line":128,"column":69}},"47":{"start":{"line":135,"column":20},"end":{"line":135,"column":22}},"48":{"start":{"line":136,"column":22},"end":{"line":136,"column":32}},"49":{"start":{"line":138,"column":4},"end":{"line":159,"column":5}},"50":{"start":{"line":139,"column":6},"end":{"line":142,"column":7}},"51":{"start":{"line":140,"column":23},"end":{"line":140,"column":67}},"52":{"start":{"line":141,"column":8},"end":{"line":141,"column":29}},"53":{"start":{"line":144,"column":24},"end":{"line":144,"column":46}},"54":{"start":{"line":145,"column":22},"end":{"line":145,"column":53}},"55":{"start":{"line":147,"column":6},"end":{"line":147,"column":120}},"56":{"start":{"line":149,"column":6},"end":{"line":154,"column":8}},"57":{"start":{"line":157,"column":6},"end":{"line":157,"column":53}},"58":{"start":{"line":158,"column":6},"end":{"line":158,"column":66}},"59":{"start":{"line":166,"column":4},"end":{"line":181,"column":5}},"60":{"start":{"line":167,"column":6},"end":{"line":167,"column":41}},"61":{"start":{"line":169,"column":25},"end":{"line":169,"column":76}},"62":{"start":{"line":170,"column":25},"end":{"line":170,"column":62}},"63":{"start":{"line":170,"column":53},"end":{"line":170,"column":58}},"64":{"start":{"line":171,"column":26},"end":{"line":171,"column":64}},"65":{"start":{"line":174,"column":6},"end":{"line":176,"column":7}},"66":{"start":{"line":174,"column":19},"end":{"line":174,"column":20}},"67":{"start":{"line":175,"column":8},"end":{"line":175,"column":69}},"68":{"start":{"line":178,"column":6},"end":{"line":178,"column":45}},"69":{"start":{"line":180,"column":6},"end":{"line":180,"column":67}},"70":{"start":{"line":188,"column":20},"end":{"line":188,"column":37}},"71":{"start":{"line":190,"column":4},"end":{"line":196,"column":6}},"72":{"start":{"line":200,"column":19},"end":{"line":200,"column":21}},"73":{"start":{"line":201,"column":4},"end":{"line":205,"column":5}},"74":{"start":{"line":204,"column":6},"end":{"line":204,"column":42}},"75":{"start":{"line":206,"column":4},"end":{"line":206,"column":18}},"76":{"start":{"line":210,"column":19},"end":{"line":210,"column":21}},"77":{"start":{"line":211,"column":4},"end":{"line":213,"column":5}},"78":{"start":{"line":212,"column":6},"end":{"line":212,"column":42}},"79":{"start":{"line":214,"column":4},"end":{"line":214,"column":18}},"80":{"start":{"line":221,"column":4},"end":{"line":221,"column":26}},"81":{"start":{"line":222,"column":4},"end":{"line":222,"column":45}},"82":{"start":{"line":229,"column":20},"end":{"line":231,"column":9}},"83":{"start":{"line":233,"column":4},"end":{"line":238,"column":6}},"84":{"start":{"line":242,"column":4},"end":{"line":242,"column":44}},"85":{"start":{"line":242,"column":35},"end":{"line":242,"column":44}},"86":{"start":{"line":244,"column":25},"end":{"line":244,"column":55}},"87":{"start":{"line":245,"column":4},"end":{"line":245,"column":72}},"88":{"start":{"line":252,"column":4},"end":{"line":252,"column":28}},"89":{"start":{"line":253,"column":4},"end":{"line":253,"column":32}},"90":{"start":{"line":254,"column":4},"end":{"line":254,"column":46}},"91":{"start":{"line":261,"column":26},"end":{"line":267,"column":5}},"92":{"start":{"line":269,"column":4},"end":{"line":273,"column":5}},"93":{"start":{"line":270,"column":6},"end":{"line":272,"column":7}},"94":{"start":{"line":271,"column":8},"end":{"line":271,"column":34}},"95":{"start":{"line":275,"column":4},"end":{"line":275,"column":17}},"96":{"start":{"line":279,"column":0},"end":{"line":279,"column":33}}},"fnMap":{"0":{"name":"(anonymous_0)","decl":{"start":{"line":5,"column":2},"end":{"line":5,"column":3}},"loc":{"start":{"line":5,"column":22},"end":{"line":10,"column":3}},"line":5},"1":{"name":"(anonymous_1)","decl":{"start":{"line":19,"column":2},"end":{"line":19,"column":3}},"loc":{"start":{"line":19,"column":52},"end":{"line":74,"column":3}},"line":19},"2":{"name":"(anonymous_2)","decl":{"start":{"line":79,"column":2},"end":{"line":79,"column":3}},"loc":{"start":{"line":79,"column":48},"end":{"line":90,"column":3}},"line":79},"3":{"name":"(anonymous_3)","decl":{"start":{"line":82,"column":18},"end":{"line":82,"column":19}},"loc":{"start":{"line":83,"column":8},"end":{"line":87,"column":19}},"line":83},"4":{"name":"(anonymous_4)","decl":{"start":{"line":83,"column":19},"end":{"line":83,"column":20}},"loc":{"start":{"line":83,"column":25},"end":{"line":87,"column":9}},"line":83},"5":{"name":"(anonymous_5)","decl":{"start":{"line":95,"column":2},"end":{"line":95,"column":3}},"loc":{"start":{"line":95,"column":40},"end":{"line":112,"column":3}},"line":95},"6":{"name":"(anonymous_6)","decl":{"start":{"line":105,"column":46},"end":{"line":105,"column":47}},"loc":{"start":{"line":105,"column":56},"end":{"line":105,"column":61}},"line":105},"7":{"name":"(anonymous_7)","decl":{"start":{"line":117,"column":2},"end":{"line":117,"column":3}},"loc":{"start":{"line":117,"column":29},"end":{"line":129,"column":3}},"line":117},"8":{"name":"(anonymous_8)","decl":{"start":{"line":134,"column":2},"end":{"line":134,"column":3}},"loc":{"start":{"line":134,"column":58},"end":{"line":160,"column":3}},"line":134},"9":{"name":"(anonymous_9)","decl":{"start":{"line":165,"column":2},"end":{"line":165,"column":3}},"loc":{"start":{"line":165,"column":26},"end":{"line":182,"column":3}},"line":165},"10":{"name":"(anonymous_10)","decl":{"start":{"line":170,"column":43},"end":{"line":170,"column":44}},"loc":{"start":{"line":170,"column":53},"end":{"line":170,"column":58}},"line":170},"11":{"name":"(anonymous_11)","decl":{"start":{"line":187,"column":2},"end":{"line":187,"column":3}},"loc":{"start":{"line":187,"column":26},"end":{"line":197,"column":3}},"line":187},"12":{"name":"(anonymous_12)","decl":{"start":{"line":199,"column":2},"end":{"line":199,"column":3}},"loc":{"start":{"line":199,"column":26},"end":{"line":207,"column":3}},"line":199},"13":{"name":"(anonymous_13)","decl":{"start":{"line":209,"column":2},"end":{"line":209,"column":3}},"loc":{"start":{"line":209,"column":27},"end":{"line":215,"column":3}},"line":209},"14":{"name":"(anonymous_14)","decl":{"start":{"line":220,"column":2},"end":{"line":220,"column":3}},"loc":{"start":{"line":220,"column":31},"end":{"line":223,"column":3}},"line":220},"15":{"name":"(anonymous_15)","decl":{"start":{"line":228,"column":2},"end":{"line":228,"column":3}},"loc":{"start":{"line":228,"column":13},"end":{"line":239,"column":3}},"line":228},"16":{"name":"(anonymous_16)","decl":{"start":{"line":241,"column":2},"end":{"line":241,"column":3}},"loc":{"start":{"line":241,"column":24},"end":{"line":246,"column":3}},"line":241},"17":{"name":"(anonymous_17)","decl":{"start":{"line":251,"column":2},"end":{"line":251,"column":3}},"loc":{"start":{"line":251,"column":15},"end":{"line":255,"column":3}},"line":251},"18":{"name":"(anonymous_18)","decl":{"start":{"line":260,"column":2},"end":{"line":260,"column":3}},"loc":{"start":{"line":260,"column":25},"end":{"line":276,"column":3}},"line":260}},"branchMap":{"0":{"loc":{"start":{"line":7,"column":26},"end":{"line":7,"column":58}},"type":"binary-expr","locations":[{"start":{"line":7,"column":26},"end":{"line":7,"column":49}},{"start":{"line":7,"column":53},"end":{"line":7,"column":58}}],"line":7},"1":{"loc":{"start":{"line":19,"column":38},"end":{"line":19,"column":50}},"type":"default-arg","locations":[{"start":{"line":19,"column":48},"end":{"line":19,"column":50}}],"line":19},"2":{"loc":{"start":{"line":21,"column":20},"end":{"line":21,"column":58}},"type":"binary-expr","locations":[{"start":{"line":21,"column":20},"end":{"line":21,"column":35}},{"start":{"line":21,"column":39},"end":{"line":21,"column":58}}],"line":21},"3":{"loc":{"start":{"line":65,"column":6},"end":{"line":67,"column":7}},"type":"if","locations":[{"start":{"line":65,"column":6},"end":{"line":67,"column":7}},{"start":{},"end":{}}],"line":65},"4":{"loc":{"start":{"line":68,"column":6},"end":{"line":70,"column":7}},"type":"if","locations":[{"start":{"line":68,"column":6},"end":{"line":70,"column":7}},{"start":{},"end":{}}],"line":68},"5":{"loc":{"start":{"line":96,"column":4},"end":{"line":98,"column":5}},"type":"if","locations":[{"start":{"line":96,"column":4},"end":{"line":98,"column":5}},{"start":{},"end":{}}],"line":96},"6":{"loc":{"start":{"line":96,"column":8},"end":{"line":96,"column":40}},"type":"binary-expr","locations":[{"start":{"line":96,"column":8},"end":{"line":96,"column":18}},{"start":{"line":96,"column":22},"end":{"line":96,"column":40}}],"line":96},"7":{"loc":{"start":{"line":100,"column":4},"end":{"line":102,"column":5}},"type":"if","locations":[{"start":{"line":100,"column":4},"end":{"line":102,"column":5}},{"start":{},"end":{}}],"line":100},"8":{"loc":{"start":{"line":100,"column":8},"end":{"line":100,"column":62}},"type":"binary-expr","locations":[{"start":{"line":100,"column":8},"end":{"line":100,"column":20}},{"start":{"line":100,"column":24},"end":{"line":100,"column":62}}],"line":100},"9":{"loc":{"start":{"line":107,"column":4},"end":{"line":111,"column":5}},"type":"if","locations":[{"start":{"line":107,"column":4},"end":{"line":111,"column":5}},{"start":{},"end":{}}],"line":107},"10":{"loc":{"start":{"line":119,"column":4},"end":{"line":121,"column":5}},"type":"if","locations":[{"start":{"line":119,"column":4},"end":{"line":121,"column":5}},{"start":{},"end":{}}],"line":119},"11":{"loc":{"start":{"line":124,"column":4},"end":{"line":126,"column":5}},"type":"if","locations":[{"start":{"line":124,"column":4},"end":{"line":126,"column":5}},{"start":{},"end":{}}],"line":124},"12":{"loc":{"start":{"line":134,"column":44},"end":{"line":134,"column":56}},"type":"default-arg","locations":[{"start":{"line":134,"column":54},"end":{"line":134,"column":56}}],"line":134},"13":{"loc":{"start":{"line":229,"column":20},"end":{"line":231,"column":9}},"type":"cond-expr","locations":[{"start":{"line":230,"column":8},"end":{"line":230,"column":65}},{"start":{"line":231,"column":8},"end":{"line":231,"column":9}}],"line":229},"14":{"loc":{"start":{"line":242,"column":4},"end":{"line":242,"column":44}},"type":"if","locations":[{"start":{"line":242,"column":4},"end":{"line":242,"column":44}},{"start":{},"end":{}}],"line":242},"15":{"loc":{"start":{"line":270,"column":6},"end":{"line":272,"column":7}},"type":"if","locations":[{"start":{"line":270,"column":6},"end":{"line":272,"column":7}},{"start":{},"end":{}}],"line":270}},"s":{"0":1,"1":1,"2":1,"3":1,"4":1,"5":1,"6":0,"7":0,"8":0,"9":0,"10":0,"11":0,"12":0,"13":0,"14":0,"15":0,"16":0,"17":0,"18":0,"19":0,"20":0,"21":0,"22":0,"23":0,"24":0,"25":0,"26":0,"27":0,"28":0,"29":0,"30":0,"31":0,"32":0,"33":0,"34":0,"35":0,"36":0,"37":0,"38":0,"39":0,"40":0,"41":0,"42":0,"43":0,"44":0,"45":0,"46":0,"47":0,"48":0,"49":0,"50":0,"51":0,"52":0,"53":0,"54":0,"55":0,"56":0,"57":0,"58":0,"59":0,"60":0,"61":0,"62":0,"63":0,"64":0,"65":0,"66":0,"67":0,"68":0,"69":0,"70":0,"71":0,"72":0,"73":0,"74":0,"75":0,"76":0,"77":0,"78":0,"79":0,"80":0,"81":0,"82":1,"83":1,"84":1,"85":1,"86":0,"87":0,"88":0,"89":0,"90":0,"91":0,"92":0,"93":0,"94":0,"95":0,"96":1},"f":{"0":1,"1":0,"2":0,"3":0,"4":0,"5":0,"6":0,"7":0,"8":0,"9":0,"10":0,"11":0,"12":0,"13":0,"14":0,"15":1,"16":1,"17":0,"18":0},"b":{"0":[1,0],"1":[0],"2":[0,0],"3":[0,0],"4":[0,0],"5":[0,0],"6":[0,0],"7":[0,0],"8":[0,0],"9":[0,0],"10":[0,0],"11":[0,0],"12":[0],"13":[0,1],"14":[1,0],"15":[0,0]},"_coverageSchema":"1a1c01bbd47fc00a2c39e90264f33305004495a9","hash":"28e78995505069e293c443ea2f14fd12b9878015"}
,"C:\\Users\\santi\\dev\\Mercados-de-Datos-y-Modelos-IA-Tokenizados-en-Avalanche\\inference-engine\\src\\ipfs\\IpfsService.js": {"path":"C:\\Users\\santi\\dev\\Mercados-de-Datos-y-Modelos-IA-Tokenizados-en-Avalanche\\inference-engine\\src\\ipfs\\IpfsService.js","statementMap":{"0":{"start":{"line":3,"column":14},"end":{"line":3,"column":30}},"1":{"start":{"line":5,"column":19},"end":{"line":5,"column":41}},"2":{"start":{"line":6,"column":15},"end":{"line":6,"column":32}},"3":{"start":{"line":7,"column":23},"end":{"line":7,"column":50}},"4":{"start":{"line":8,"column":15},"end":{"line":8,"column":42}},"5":{"start":{"line":12,"column":22},"end":{"line":12,"column":54}},"6":{"start":{"line":17,"column":8},"end":{"line":17,"column":50}},"7":{"start":{"line":18,"column":8},"end":{"line":18,"column":60}},"8":{"start":{"line":19,"column":8},"end":{"line":19,"column":61}},"9":{"start":{"line":22,"column":8},"end":{"line":25,"column":11}},"10":{"start":{"line":28,"column":8},"end":{"line":43,"column":11}},"11":{"start":{"line":32,"column":16},"end":{"line":32,"column":66}},"12":{"start":{"line":36,"column":31},"end":{"line":36,"column":76}},"13":{"start":{"line":38,"column":16},"end":{"line":41,"column":37}},"14":{"start":{"line":54,"column":20},"end":{"line":54,"column":46}},"15":{"start":{"line":56,"column":8},"end":{"line":87,"column":9}},"16":{"start":{"line":57,"column":29},"end":{"line":63,"column":14}},"17":{"start":{"line":65,"column":12},"end":{"line":67,"column":13}},"18":{"start":{"line":66,"column":16},"end":{"line":66,"column":88}},"19":{"start":{"line":69,"column":12},"end":{"line":75,"column":13}},"20":{"start":{"line":70,"column":34},"end":{"line":70,"column":54}},"21":{"start":{"line":71,"column":16},"end":{"line":73,"column":17}},"22":{"start":{"line":72,"column":20},"end":{"line":72,"column":88}},"23":{"start":{"line":74,"column":16},"end":{"line":74,"column":50}},"24":{"start":{"line":77,"column":12},"end":{"line":77,"column":33}},"25":{"start":{"line":80,"column":12},"end":{"line":82,"column":13}},"26":{"start":{"line":81,"column":16},"end":{"line":81,"column":92}},"27":{"start":{"line":83,"column":12},"end":{"line":85,"column":13}},"28":{"start":{"line":84,"column":17},"end":{"line":84,"column":87}},"29":{"start":{"line":86,"column":12},"end":{"line":86,"column":68}},"30":{"start":{"line":96,"column":24},"end":{"line":96,"column":64}},"31":{"start":{"line":97,"column":8},"end":{"line":97,"column":45}},"32":{"start":{"line":111,"column":28},"end":{"line":111,"column":84}},"33":{"start":{"line":113,"column":8},"end":{"line":113,"column":72}},"34":{"start":{"line":118,"column":0},"end":{"line":118,"column":35}}},"fnMap":{"0":{"name":"(anonymous_0)","decl":{"start":{"line":15,"column":4},"end":{"line":15,"column":5}},"loc":{"start":{"line":15,"column":18},"end":{"line":44,"column":5}},"line":15},"1":{"name":"(anonymous_1)","decl":{"start":{"line":30,"column":24},"end":{"line":30,"column":25}},"loc":{"start":{"line":30,"column":40},"end":{"line":33,"column":13}},"line":30},"2":{"name":"(anonymous_2)","decl":{"start":{"line":35,"column":28},"end":{"line":35,"column":29}},"loc":{"start":{"line":35,"column":39},"end":{"line":42,"column":13}},"line":35},"3":{"name":"(anonymous_3)","decl":{"start":{"line":52,"column":4},"end":{"line":52,"column":5}},"loc":{"start":{"line":52,"column":43},"end":{"line":88,"column":5}},"line":52},"4":{"name":"(anonymous_4)","decl":{"start":{"line":95,"column":4},"end":{"line":95,"column":5}},"loc":{"start":{"line":95,"column":35},"end":{"line":98,"column":5}},"line":95},"5":{"name":"(anonymous_5)","decl":{"start":{"line":107,"column":4},"end":{"line":107,"column":5}},"loc":{"start":{"line":107,"column":37},"end":{"line":114,"column":5}},"line":107}},"branchMap":{"0":{"loc":{"start":{"line":12,"column":22},"end":{"line":12,"column":54}},"type":"binary-expr","locations":[{"start":{"line":12,"column":22},"end":{"line":12,"column":40}},{"start":{"line":12,"column":44},"end":{"line":12,"column":54}}],"line":12},"1":{"loc":{"start":{"line":36,"column":31},"end":{"line":36,"column":76}},"type":"cond-expr","locations":[{"start":{"line":36,"column":48},"end":{"line":36,"column":69}},{"start":{"line":36,"column":72},"end":{"line":36,"column":76}}],"line":36},"2":{"loc":{"start":{"line":38,"column":23},"end":{"line":41,"column":36}},"type":"binary-expr","locations":[{"start":{"line":38,"column":23},"end":{"line":38,"column":58}},{"start":{"line":39,"column":23},"end":{"line":39,"column":37}},{"start":{"line":40,"column":23},"end":{"line":40,"column":37}},{"start":{"line":41,"column":23},"end":{"line":41,"column":36}}],"line":38},"3":{"loc":{"start":{"line":52,"column":25},"end":{"line":52,"column":41}},"type":"default-arg","locations":[{"start":{"line":52,"column":36},"end":{"line":52,"column":41}}],"line":52},"4":{"loc":{"start":{"line":61,"column":30},"end":{"line":61,"column":63}},"type":"cond-expr","locations":[{"start":{"line":61,"column":41},"end":{"line":61,"column":54}},{"start":{"line":61,"column":57},"end":{"line":61,"column":63}}],"line":61},"5":{"loc":{"start":{"line":65,"column":12},"end":{"line":67,"column":13}},"type":"if","locations":[{"start":{"line":65,"column":12},"end":{"line":67,"column":13}},{"start":{},"end":{}}],"line":65},"6":{"loc":{"start":{"line":69,"column":12},"end":{"line":75,"column":13}},"type":"if","locations":[{"start":{"line":69,"column":12},"end":{"line":75,"column":13}},{"start":{},"end":{}}],"line":69},"7":{"loc":{"start":{"line":71,"column":16},"end":{"line":73,"column":17}},"type":"if","locations":[{"start":{"line":71,"column":16},"end":{"line":73,"column":17}},{"start":{},"end":{}}],"line":71},"8":{"loc":{"start":{"line":80,"column":12},"end":{"line":82,"column":13}},"type":"if","locations":[{"start":{"line":80,"column":12},"end":{"line":82,"column":13}},{"start":{},"end":{}}],"line":80},"9":{"loc":{"start":{"line":83,"column":12},"end":{"line":85,"column":13}},"type":"if","locations":[{"start":{"line":83,"column":12},"end":{"line":85,"column":13}},{"start":{},"end":{}}],"line":83},"10":{"loc":{"start":{"line":83,"column":16},"end":{"line":83,"column":63}},"type":"binary-expr","locations":[{"start":{"line":83,"column":16},"end":{"line":83,"column":30}},{"start":{"line":83,"column":34},"end":{"line":83,"column":63}}],"line":83}},"s":{"0":1,"1":1,"2":1,"3":1,"4":1,"5":1,"6":1,"7":1,"8":1,"9":1,"10":1,"11":0,"12":0,"13":0,"14":0,"15":0,"16":0,"17":0,"18":0,"19":0,"20":0,"21":0,"22":0,"23":0,"24":0,"25":0,"26":0,"27":0,"28":0,"29":0,"30":0,"31":0,"32":0,"33":0,"34":1},"f":{"0":1,"1":0,"2":0,"3":0,"4":0,"5":0},"b":{"0":[1,0],"1":[0,0],"2":[0,0,0,0],"3":[0],"4":[0,0],"5":[0,0],"6":[0,0],"7":[0,0],"8":[0,0],"9":[0,0],"10":[0,0]},"_coverageSchema":"1a1c01bbd47fc00a2c39e90264f33305004495a9","hash":"ce00bd450bb394ae5340934d8efc73014d34aa2b"}
,"C:\\Users\\santi\\dev\\Mercados-de-Datos-y-Modelos-IA-Tokenizados-en-Avalanche\\inference-engine\\src\\ipfs\\MetadataParser.js": {"path":"C:\\Users\\santi\\dev\\Mercados-de-Datos-y-Modelos-IA-Tokenizados-en-Avalanche\\inference-engine\\src\\ipfs\\MetadataParser.js","statementMap":{"0":{"start":{"line":28,"column":8},"end":{"line":30,"column":9}},"1":{"start":{"line":29,"column":12},"end":{"line":29,"column":95}},"2":{"start":{"line":32,"column":31},"end":{"line":32,"column":90}},"3":{"start":{"line":34,"column":8},"end":{"line":38,"column":9}},"4":{"start":{"line":35,"column":12},"end":{"line":37,"column":13}},"5":{"start":{"line":36,"column":16},"end":{"line":36,"column":93}},"6":{"start":{"line":41,"column":23},"end":{"line":41,"column":48}},"7":{"start":{"line":42,"column":40},"end":{"line":42,"column":86}},"8":{"start":{"line":43,"column":8},"end":{"line":47,"column":9}},"9":{"start":{"line":44,"column":12},"end":{"line":46,"column":13}},"10":{"start":{"line":45,"column":16},"end":{"line":45,"column":124}},"11":{"start":{"line":50,"column":8},"end":{"line":52,"column":9}},"12":{"start":{"line":51,"column":13},"end":{"line":51,"column":84}},"13":{"start":{"line":53,"column":8},"end":{"line":55,"column":9}},"14":{"start":{"line":54,"column":13},"end":{"line":54,"column":93}},"15":{"start":{"line":57,"column":8},"end":{"line":57,"column":24}},"16":{"start":{"line":67,"column":8},"end":{"line":71,"column":9}},"17":{"start":{"line":68,"column":12},"end":{"line":68,"column":43}},"18":{"start":{"line":70,"column":12},"end":{"line":70,"column":97}},"19":{"start":{"line":73,"column":8},"end":{"line":73,"column":49}},"20":{"start":{"line":77,"column":0},"end":{"line":77,"column":32}}},"fnMap":{"0":{"name":"(anonymous_0)","decl":{"start":{"line":27,"column":4},"end":{"line":27,"column":5}},"loc":{"start":{"line":27,"column":30},"end":{"line":58,"column":5}},"line":27},"1":{"name":"(anonymous_1)","decl":{"start":{"line":65,"column":4},"end":{"line":65,"column":5}},"loc":{"start":{"line":65,"column":26},"end":{"line":74,"column":5}},"line":65}},"branchMap":{"0":{"loc":{"start":{"line":28,"column":8},"end":{"line":30,"column":9}},"type":"if","locations":[{"start":{"line":28,"column":8},"end":{"line":30,"column":9}},{"start":{},"end":{}}],"line":28},"1":{"loc":{"start":{"line":28,"column":12},"end":{"line":28,"column":53}},"type":"binary-expr","locations":[{"start":{"line":28,"column":12},"end":{"line":28,"column":21}},{"start":{"line":28,"column":25},"end":{"line":28,"column":53}}],"line":28},"2":{"loc":{"start":{"line":35,"column":12},"end":{"line":37,"column":13}},"type":"if","locations":[{"start":{"line":35,"column":12},"end":{"line":37,"column":13}},{"start":{},"end":{}}],"line":35},"3":{"loc":{"start":{"line":44,"column":12},"end":{"line":46,"column":13}},"type":"if","locations":[{"start":{"line":44,"column":12},"end":{"line":46,"column":13}},{"start":{},"end":{}}],"line":44},"4":{"loc":{"start":{"line":50,"column":8},"end":{"line":52,"column":9}},"type":"if","locations":[{"start":{"line":50,"column":8},"end":{"line":52,"column":9}},{"start":{},"end":{}}],"line":50},"5":{"loc":{"start":{"line":50,"column":12},"end":{"line":50,"column":92}},"type":"binary-expr","locations":[{"start":{"line":50,"column":12},"end":{"line":50,"column":50}},{"start":{"line":50,"column":54},"end":{"line":50,"column":92}}],"line":50},"6":{"loc":{"start":{"line":53,"column":8},"end":{"line":55,"column":9}},"type":"if","locations":[{"start":{"line":53,"column":8},"end":{"line":55,"column":9}},{"start":{},"end":{}}],"line":53},"7":{"loc":{"start":{"line":53,"column":12},"end":{"line":53,"column":86}},"type":"binary-expr","locations":[{"start":{"line":53,"column":12},"end":{"line":53,"column":51}},{"start":{"line":53,"column":55},"end":{"line":53,"column":86}}],"line":53}},"s":{"0":0,"1":0,"2":0,"3":0,"4":0,"5":0,"6":0,"7":0,"8":0,"9":0,"10":0,"11":0,"12":0,"13":0,"14":0,"15":0,"16":0,"17":0,"18":0,"19":0,"20":1},"f":{"0":0,"1":0},"b":{"0":[0,0],"1":[0,0],"2":[0,0],"3":[0,0],"4":[0,0],"5":[0,0],"6":[0,0],"7":[0,0]},"_coverageSchema":"1a1c01bbd47fc00a2c39e90264f33305004495a9","hash":"4e7e39ec1e87792676292a03bb0a8c8593fd8d4e"}
,"C:\\Users\\santi\\dev\\Mercados-de-Datos-y-Modelos-IA-Tokenizados-en-Avalanche\\inference-engine\\src\\models\\ModelLoader.js": {"path":"C:\\Users\\santi\\dev\\Mercados-de-Datos-y-Modelos-IA-Tokenizados-en-Avalanche\\inference-engine\\src\\models\\ModelLoader.js","statementMap":{"0":{"start":{"line":1,"column":12},"end":{"line":1,"column":39}},"1":{"start":{"line":2,"column":11},"end":{"line":2,"column":33}},"2":{"start":{"line":3,"column":13},"end":{"line":3,"column":28}},"3":{"start":{"line":4,"column":15},"end":{"line":4,"column":41}},"4":{"start":{"line":5,"column":20},"end":{"line":5,"column":50}},"5":{"start":{"line":9,"column":4},"end":{"line":9,"column":25}},"6":{"start":{"line":10,"column":4},"end":{"line":10,"column":34}},"7":{"start":{"line":11,"column":4},"end":{"line":11,"column":51}},"8":{"start":{"line":12,"column":4},"end":{"line":12,"column":50}},"9":{"start":{"line":26,"column":4},"end":{"line":97,"column":5}},"10":{"start":{"line":28,"column":6},"end":{"line":31,"column":7}},"11":{"start":{"line":29,"column":8},"end":{"line":29,"column":63}},"12":{"start":{"line":30,"column":8},"end":{"line":30,"column":46}},"13":{"start":{"line":33,"column":6},"end":{"line":35,"column":7}},"14":{"start":{"line":34,"column":8},"end":{"line":34,"column":44}},"15":{"start":{"line":38,"column":24},"end":{"line":38,"column":34}},"16":{"start":{"line":39,"column":6},"end":{"line":39,"column":49}},"17":{"start":{"line":44,"column":6},"end":{"line":55,"column":7}},"18":{"start":{"line":45,"column":8},"end":{"line":45,"column":34}},"19":{"start":{"line":46,"column":13},"end":{"line":55,"column":7}},"20":{"start":{"line":47,"column":26},"end":{"line":49,"column":49}},"21":{"start":{"line":51,"column":8},"end":{"line":51,"column":48}},"22":{"start":{"line":52,"column":8},"end":{"line":52,"column":51}},"23":{"start":{"line":54,"column":8},"end":{"line":54,"column":79}},"24":{"start":{"line":58,"column":6},"end":{"line":58,"column":43}},"25":{"start":{"line":61,"column":22},"end":{"line":65,"column":8}},"26":{"start":{"line":68,"column":6},"end":{"line":68,"column":47}},"27":{"start":{"line":71,"column":24},"end":{"line":83,"column":7}},"28":{"start":{"line":86,"column":6},"end":{"line":86,"column":48}},"29":{"start":{"line":89,"column":23},"end":{"line":89,"column":45}},"30":{"start":{"line":90,"column":6},"end":{"line":90,"column":75}},"31":{"start":{"line":92,"column":6},"end":{"line":92,"column":23}},"32":{"start":{"line":95,"column":6},"end":{"line":95,"column":62}},"33":{"start":{"line":96,"column":6},"end":{"line":96,"column":64}},"34":{"start":{"line":111,"column":16},"end":{"line":111,"column":38}},"35":{"start":{"line":114,"column":4},"end":{"line":117,"column":5}},"36":{"start":{"line":115,"column":6},"end":{"line":115,"column":77}},"37":{"start":{"line":116,"column":6},"end":{"line":116,"column":19}},"38":{"start":{"line":119,"column":4},"end":{"line":119,"column":92}},"39":{"start":{"line":122,"column":21},"end":{"line":122,"column":63}},"40":{"start":{"line":123,"column":21},"end":{"line":123,"column":39}},"41":{"start":{"line":124,"column":22},"end":{"line":124,"column":41}},"42":{"start":{"line":125,"column":20},"end":{"line":125,"column":37}},"43":{"start":{"line":127,"column":22},"end":{"line":127,"column":41}},"44":{"start":{"line":129,"column":4},"end":{"line":129,"column":92}},"45":{"start":{"line":132,"column":24},"end":{"line":132,"column":67}},"46":{"start":{"line":135,"column":4},"end":{"line":135,"column":107}},"47":{"start":{"line":138,"column":4},"end":{"line":140,"column":5}},"48":{"start":{"line":139,"column":6},"end":{"line":139,"column":137}},"49":{"start":{"line":141,"column":4},"end":{"line":141,"column":79}},"50":{"start":{"line":144,"column":17},"end":{"line":144,"column":21}},"51":{"start":{"line":145,"column":4},"end":{"line":160,"column":5}},"52":{"start":{"line":146,"column":8},"end":{"line":146,"column":79}},"53":{"start":{"line":148,"column":30},"end":{"line":148,"column":75}},"54":{"start":{"line":150,"column":8},"end":{"line":157,"column":9}},"55":{"start":{"line":151,"column":12},"end":{"line":151,"column":47}},"56":{"start":{"line":152,"column":12},"end":{"line":152,"column":71}},"57":{"start":{"line":154,"column":12},"end":{"line":154,"column":100}},"58":{"start":{"line":156,"column":12},"end":{"line":156,"column":26}},"59":{"start":{"line":159,"column":8},"end":{"line":159,"column":83}},"60":{"start":{"line":164,"column":22},"end":{"line":169,"column":5}},"61":{"start":{"line":171,"column":4},"end":{"line":171,"column":21}},"62":{"start":{"line":180,"column":18},"end":{"line":180,"column":48}},"63":{"start":{"line":181,"column":4},"end":{"line":184,"column":5}},"64":{"start":{"line":182,"column":6},"end":{"line":182,"column":36}},"65":{"start":{"line":183,"column":6},"end":{"line":183,"column":29}},"66":{"start":{"line":185,"column":4},"end":{"line":185,"column":17}},"67":{"start":{"line":195,"column":4},"end":{"line":195,"column":57}},"68":{"start":{"line":196,"column":4},"end":{"line":196,"column":59}},"69":{"start":{"line":204,"column":18},"end":{"line":204,"column":48}},"70":{"start":{"line":205,"column":4},"end":{"line":208,"column":5}},"71":{"start":{"line":206,"column":6},"end":{"line":206,"column":57}},"72":{"start":{"line":207,"column":6},"end":{"line":207,"column":19}},"73":{"start":{"line":210,"column":4},"end":{"line":219,"column":5}},"74":{"start":{"line":212,"column":6},"end":{"line":212,"column":36}},"75":{"start":{"line":213,"column":6},"end":{"line":213,"column":40}},"76":{"start":{"line":214,"column":6},"end":{"line":214,"column":59}},"77":{"start":{"line":215,"column":6},"end":{"line":215,"column":18}},"78":{"start":{"line":217,"column":6},"end":{"line":217,"column":63}},"79":{"start":{"line":218,"column":6},"end":{"line":218,"column":18}},"80":{"start":{"line":226,"column":24},"end":{"line":226,"column":28}},"81":{"start":{"line":227,"column":21},"end":{"line":227,"column":29}},"82":{"start":{"line":229,"column":4},"end":{"line":234,"column":5}},"83":{"start":{"line":230,"column":6},"end":{"line":233,"column":7}},"84":{"start":{"line":231,"column":8},"end":{"line":231,"column":37}},"85":{"start":{"line":232,"column":8},"end":{"line":232,"column":32}},"86":{"start":{"line":236,"column":4},"end":{"line":239,"column":5}},"87":{"start":{"line":237,"column":6},"end":{"line":237,"column":74}},"88":{"start":{"line":238,"column":6},"end":{"line":238,"column":44}},"89":{"start":{"line":247,"column":19},"end":{"line":247,"column":21}},"90":{"start":{"line":248,"column":4},"end":{"line":256,"column":5}},"91":{"start":{"line":249,"column":6},"end":{"line":255,"column":9}},"92":{"start":{"line":257,"column":4},"end":{"line":257,"column":18}},"93":{"start":{"line":265,"column":4},"end":{"line":265,"column":67}},"94":{"start":{"line":266,"column":21},"end":{"line":266,"column":57}},"95":{"start":{"line":268,"column":4},"end":{"line":270,"column":5}},"96":{"start":{"line":269,"column":6},"end":{"line":269,"column":38}},"97":{"start":{"line":272,"column":4},"end":{"line":272,"column":38}},"98":{"start":{"line":277,"column":25},"end":{"line":281,"column":7}},"99":{"start":{"line":277,"column":58},"end":{"line":281,"column":5}},"100":{"start":{"line":282,"column":4},"end":{"line":287,"column":6}},"101":{"start":{"line":294,"column":4},"end":{"line":298,"column":5}},"102":{"start":{"line":295,"column":6},"end":{"line":295,"column":32}},"103":{"start":{"line":297,"column":6},"end":{"line":297,"column":59}},"104":{"start":{"line":303,"column":23},"end":{"line":303,"column":41}},"105":{"start":{"line":305,"column":4},"end":{"line":307,"column":5}},"106":{"start":{"line":306,"column":6},"end":{"line":306,"column":59}},"107":{"start":{"line":311,"column":21},"end":{"line":311,"column":50}},"108":{"start":{"line":312,"column":4},"end":{"line":316,"column":5}},"109":{"start":{"line":313,"column":6},"end":{"line":315,"column":7}},"110":{"start":{"line":314,"column":8},"end":{"line":314,"column":69}},"111":{"start":{"line":319,"column":24},"end":{"line":319,"column":42}},"112":{"start":{"line":320,"column":4},"end":{"line":322,"column":5}},"113":{"start":{"line":321,"column":6},"end":{"line":321,"column":53}},"114":{"start":{"line":329,"column":17},"end":{"line":329,"column":38}},"115":{"start":{"line":330,"column":4},"end":{"line":336,"column":6}},"116":{"start":{"line":340,"column":0},"end":{"line":340,"column":29}}},"fnMap":{"0":{"name":"(anonymous_0)","decl":{"start":{"line":8,"column":2},"end":{"line":8,"column":3}},"loc":{"start":{"line":8,"column":22},"end":{"line":13,"column":3}},"line":8},"1":{"name":"(anonymous_1)","decl":{"start":{"line":25,"column":2},"end":{"line":25,"column":3}},"loc":{"start":{"line":25,"column":65},"end":{"line":98,"column":3}},"line":25},"2":{"name":"(anonymous_2)","decl":{"start":{"line":110,"column":2},"end":{"line":110,"column":3}},"loc":{"start":{"line":110,"column":48},"end":{"line":172,"column":3}},"line":110},"3":{"name":"(anonymous_3)","decl":{"start":{"line":179,"column":2},"end":{"line":179,"column":3}},"loc":{"start":{"line":179,"column":20},"end":{"line":186,"column":3}},"line":179},"4":{"name":"(anonymous_4)","decl":{"start":{"line":194,"column":2},"end":{"line":194,"column":3}},"loc":{"start":{"line":194,"column":53},"end":{"line":197,"column":3}},"line":194},"5":{"name":"(anonymous_5)","decl":{"start":{"line":203,"column":2},"end":{"line":203,"column":3}},"loc":{"start":{"line":203,"column":29},"end":{"line":220,"column":3}},"line":203},"6":{"name":"(anonymous_6)","decl":{"start":{"line":225,"column":2},"end":{"line":225,"column":3}},"loc":{"start":{"line":225,"column":33},"end":{"line":240,"column":3}},"line":225},"7":{"name":"(anonymous_7)","decl":{"start":{"line":246,"column":2},"end":{"line":246,"column":3}},"loc":{"start":{"line":246,"column":20},"end":{"line":258,"column":3}},"line":246},"8":{"name":"(anonymous_8)","decl":{"start":{"line":264,"column":2},"end":{"line":264,"column":3}},"loc":{"start":{"line":264,"column":21},"end":{"line":273,"column":3}},"line":264},"9":{"name":"(anonymous_9)","decl":{"start":{"line":276,"column":2},"end":{"line":276,"column":3}},"loc":{"start":{"line":276,"column":19},"end":{"line":288,"column":3}},"line":276},"10":{"name":"(anonymous_10)","decl":{"start":{"line":277,"column":52},"end":{"line":277,"column":53}},"loc":{"start":{"line":277,"column":58},"end":{"line":281,"column":5}},"line":277},"11":{"name":"(anonymous_11)","decl":{"start":{"line":293,"column":2},"end":{"line":293,"column":3}},"loc":{"start":{"line":293,"column":36},"end":{"line":299,"column":3}},"line":293},"12":{"name":"(anonymous_12)","decl":{"start":{"line":301,"column":2},"end":{"line":301,"column":3}},"loc":{"start":{"line":301,"column":29},"end":{"line":308,"column":3}},"line":301},"13":{"name":"(anonymous_13)","decl":{"start":{"line":310,"column":2},"end":{"line":310,"column":3}},"loc":{"start":{"line":310,"column":38},"end":{"line":323,"column":3}},"line":310},"14":{"name":"(anonymous_14)","decl":{"start":{"line":328,"column":2},"end":{"line":328,"column":3}},"loc":{"start":{"line":328,"column":19},"end":{"line":337,"column":3}},"line":328}},"branchMap":{"0":{"loc":{"start":{"line":11,"column":21},"end":{"line":11,"column":50}},"type":"binary-expr","locations":[{"start":{"line":11,"column":21},"end":{"line":11,"column":45}},{"start":{"line":11,"column":49},"end":{"line":11,"column":50}}],"line":11},"1":{"loc":{"start":{"line":12,"column":20},"end":{"line":12,"column":49}},"type":"binary-expr","locations":[{"start":{"line":12,"column":20},"end":{"line":12,"column":35}},{"start":{"line":12,"column":39},"end":{"line":12,"column":49}}],"line":12},"2":{"loc":{"start":{"line":25,"column":50},"end":{"line":25,"column":63}},"type":"default-arg","locations":[{"start":{"line":25,"column":59},"end":{"line":25,"column":63}}],"line":25},"3":{"loc":{"start":{"line":28,"column":6},"end":{"line":31,"column":7}},"type":"if","locations":[{"start":{"line":28,"column":6},"end":{"line":31,"column":7}},{"start":{},"end":{}}],"line":28},"4":{"loc":{"start":{"line":33,"column":6},"end":{"line":35,"column":7}},"type":"if","locations":[{"start":{"line":33,"column":6},"end":{"line":35,"column":7}},{"start":{},"end":{}}],"line":33},"5":{"loc":{"start":{"line":44,"column":6},"end":{"line":55,"column":7}},"type":"if","locations":[{"start":{"line":44,"column":6},"end":{"line":55,"column":7}},{"start":{"line":46,"column":13},"end":{"line":55,"column":7}}],"line":44},"6":{"loc":{"start":{"line":46,"column":13},"end":{"line":55,"column":7}},"type":"if","locations":[{"start":{"line":46,"column":13},"end":{"line":55,"column":7}},{"start":{"line":53,"column":13},"end":{"line":55,"column":7}}],"line":46},"7":{"loc":{"start":{"line":47,"column":26},"end":{"line":49,"column":49}},"type":"cond-expr","locations":[{"start":{"line":48,"column":12},"end":{"line":48,"column":23}},{"start":{"line":49,"column":12},"end":{"line":49,"column":49}}],"line":47},"8":{"loc":{"start":{"line":114,"column":4},"end":{"line":117,"column":5}},"type":"if","locations":[{"start":{"line":114,"column":4},"end":{"line":117,"column":5}},{"start":{},"end":{}}],"line":114},"9":{"loc":{"start":{"line":138,"column":4},"end":{"line":140,"column":5}},"type":"if","locations":[{"start":{"line":138,"column":4},"end":{"line":140,"column":5}},{"start":{},"end":{}}],"line":138},"10":{"loc":{"start":{"line":145,"column":4},"end":{"line":160,"column":5}},"type":"if","locations":[{"start":{"line":145,"column":4},"end":{"line":160,"column":5}},{"start":{"line":158,"column":11},"end":{"line":160,"column":5}}],"line":145},"11":{"loc":{"start":{"line":181,"column":4},"end":{"line":184,"column":5}},"type":"if","locations":[{"start":{"line":181,"column":4},"end":{"line":184,"column":5}},{"start":{},"end":{}}],"line":181},"12":{"loc":{"start":{"line":205,"column":4},"end":{"line":208,"column":5}},"type":"if","locations":[{"start":{"line":205,"column":4},"end":{"line":208,"column":5}},{"start":{},"end":{}}],"line":205},"13":{"loc":{"start":{"line":230,"column":6},"end":{"line":233,"column":7}},"type":"if","locations":[{"start":{"line":230,"column":6},"end":{"line":233,"column":7}},{"start":{},"end":{}}],"line":230},"14":{"loc":{"start":{"line":236,"column":4},"end":{"line":239,"column":5}},"type":"if","locations":[{"start":{"line":236,"column":4},"end":{"line":239,"column":5}},{"start":{},"end":{}}],"line":236},"15":{"loc":{"start":{"line":305,"column":4},"end":{"line":307,"column":5}},"type":"if","locations":[{"start":{"line":305,"column":4},"end":{"line":307,"column":5}},{"start":{},"end":{}}],"line":305},"16":{"loc":{"start":{"line":313,"column":6},"end":{"line":315,"column":7}},"type":"if","locations":[{"start":{"line":313,"column":6},"end":{"line":315,"column":7}},{"start":{},"end":{}}],"line":313},"17":{"loc":{"start":{"line":320,"column":4},"end":{"line":322,"column":5}},"type":"if","locations":[{"start":{"line":320,"column":4},"end":{"line":322,"column":5}},{"start":{},"end":{}}],"line":320}},"s":{"0":1,"1":1,"2":1,"3":1,"4":1,"5":1,"6":1,"7":1,"8":1,"9":0,"10":0,"11":0,"12":0,"13":0,"14":0,"15":0,"16":0,"17":0,"18":0,"19":0,"20":0,"21":0,"22":0,"23":0,"24":0,"25":0,"26":0,"27":0,"28":0,"29":0,"30":0,"31":0,"32":0,"33":0,"34":0,"35":0,"36":0,"37":0,"38":0,"39":0,"40":0,"41":0,"42":0,"43":0,"44":0,"45":0,"46":0,"47":0,"48":0,"49":0,"50":0,"51":0,"52":0,"53":0,"54":0,"55":0,"56":0,"57":0,"58":0,"59":0,"60":0,"61":0,"62":0,"63":0,"64":0,"65":0,"66":0,"67":0,"68":0,"69":0,"70":0,"71":0,"72":0,"73":0,"74":0,"75":0,"76":0,"77":0,"78":0,"79":0,"80":0,"81":0,"82":0,"83":0,"84":0,"85":0,"86":0,"87":0,"88":0,"89":2,"90":2,"91":0,"92":2,"93":0,"94":0,"95":0,"96":0,"97":0,"98":0,"99":0,"100":0,"101":0,"102":0,"103":0,"104":0,"105":0,"106":0,"107":0,"108":0,"109":0,"110":0,"111":0,"112":0,"113":0,"114":2,"115":2,"116":1},"f":{"0":1,"1":0,"2":0,"3":0,"4":0,"5":0,"6":0,"7":2,"8":0,"9":0,"10":0,"11":0,"12":0,"13":0,"14":2},"b":{"0":[1,0],"1":[1,0],"2":[0],"3":[0,0],"4":[0,0],"5":[0,0],"6":[0,0],"7":[0,0],"8":[0,0],"9":[0,0],"10":[0,0],"11":[0,0],"12":[0,0],"13":[0,0],"14":[0,0],"15":[0,0],"16":[0,0],"17":[0,0]},"_coverageSchema":"1a1c01bbd47fc00a2c39e90264f33305004495a9","hash":"c480190ea735dcfd54d732f52357a3ddec5a61fc"}
,"C:\\Users\\santi\\dev\\Mercados-de-Datos-y-Modelos-IA-Tokenizados-en-Avalanche\\inference-engine\\src\\postprocessing\\ClassificationPostprocessor.js": {"path":"C:\\Users\\santi\\dev\\Mercados-de-Datos-y-Modelos-IA-Tokenizados-en-Avalanche\\inference-engine\\src\\postprocessing\\ClassificationPostprocessor.js","statementMap":{"0":{"start":{"line":1,"column":15},"end":{"line":1,"column":41}},"1":{"start":{"line":5,"column":4},"end":{"line":5,"column":25}},"2":{"start":{"line":15,"column":4},"end":{"line":40,"column":5}},"3":{"start":{"line":16,"column":19},"end":{"line":16,"column":37}},"4":{"start":{"line":17,"column":24},"end":{"line":17,"column":48}},"5":{"start":{"line":20,"column":28},"end":{"line":20,"column":48}},"6":{"start":{"line":23,"column":29},"end":{"line":23,"column":62}},"7":{"start":{"line":26,"column":23},"end":{"line":28,"column":24}},"8":{"start":{"line":27,"column":37},"end":{"line":27,"column":62}},"9":{"start":{"line":31,"column":26},"end":{"line":31,"column":52}},"10":{"start":{"line":33,"column":6},"end":{"line":33,"column":82}},"11":{"start":{"line":35,"column":6},"end":{"line":35,"column":25}},"12":{"start":{"line":38,"column":6},"end":{"line":38,"column":52}},"13":{"start":{"line":39,"column":6},"end":{"line":39,"column":65}},"14":{"start":{"line":48,"column":21},"end":{"line":48,"column":40}},"15":{"start":{"line":49,"column":22},"end":{"line":49,"column":73}},"16":{"start":{"line":49,"column":50},"end":{"line":49,"column":72}},"17":{"start":{"line":50,"column":19},"end":{"line":50,"column":55}},"18":{"start":{"line":50,"column":46},"end":{"line":50,"column":51}},"19":{"start":{"line":51,"column":4},"end":{"line":51,"column":42}},"20":{"start":{"line":51,"column":30},"end":{"line":51,"column":40}},"21":{"start":{"line":59,"column":20},"end":{"line":62,"column":7}},"22":{"start":{"line":59,"column":54},"end":{"line":62,"column":5}},"23":{"start":{"line":65,"column":4},"end":{"line":65,"column":56}},"24":{"start":{"line":65,"column":27},"end":{"line":65,"column":54}},"25":{"start":{"line":68,"column":4},"end":{"line":68,"column":57}},"26":{"start":{"line":75,"column":4},"end":{"line":89,"column":7}},"27":{"start":{"line":76,"column":21},"end":{"line":79,"column":7}},"28":{"start":{"line":82,"column":6},"end":{"line":86,"column":7}},"29":{"start":{"line":83,"column":8},"end":{"line":83,"column":47}},"30":{"start":{"line":85,"column":8},"end":{"line":85,"column":45}},"31":{"start":{"line":88,"column":6},"end":{"line":88,"column":20}},"32":{"start":{"line":96,"column":4},"end":{"line":107,"column":5}},"33":{"start":{"line":97,"column":6},"end":{"line":97,"column":33}},"34":{"start":{"line":98,"column":11},"end":{"line":107,"column":5}},"35":{"start":{"line":100,"column":23},"end":{"line":100,"column":73}},"36":{"start":{"line":101,"column":6},"end":{"line":101,"column":44}},"37":{"start":{"line":102,"column":6},"end":{"line":104,"column":7}},"38":{"start":{"line":103,"column":8},"end":{"line":103,"column":41}},"39":{"start":{"line":106,"column":6},"end":{"line":106,"column":47}},"40":{"start":{"line":109,"column":4},"end":{"line":109,"column":61}},"41":{"start":{"line":116,"column":4},"end":{"line":124,"column":6}},"42":{"start":{"line":131,"column":4},"end":{"line":133,"column":5}},"43":{"start":{"line":132,"column":6},"end":{"line":132,"column":18}},"44":{"start":{"line":135,"column":24},"end":{"line":135,"column":58}},"45":{"start":{"line":135,"column":45},"end":{"line":135,"column":57}},"46":{"start":{"line":136,"column":26},"end":{"line":136,"column":40}},"47":{"start":{"line":137,"column":26},"end":{"line":137,"column":85}},"48":{"start":{"line":137,"column":55},"end":{"line":137,"column":60}},"49":{"start":{"line":140,"column":20},"end":{"line":142,"column":9}},"50":{"start":{"line":141,"column":6},"end":{"line":141,"column":50}},"51":{"start":{"line":144,"column":4},"end":{"line":149,"column":6}},"52":{"start":{"line":156,"column":16},"end":{"line":156,"column":56}},"53":{"start":{"line":156,"column":47},"end":{"line":156,"column":52}},"54":{"start":{"line":157,"column":22},"end":{"line":157,"column":26}},"55":{"start":{"line":159,"column":4},"end":{"line":162,"column":5}},"56":{"start":{"line":160,"column":6},"end":{"line":160,"column":78}},"57":{"start":{"line":161,"column":6},"end":{"line":161,"column":19}},"58":{"start":{"line":164,"column":4},"end":{"line":164,"column":16}},"59":{"start":{"line":168,"column":0},"end":{"line":168,"column":45}}},"fnMap":{"0":{"name":"(anonymous_0)","decl":{"start":{"line":4,"column":2},"end":{"line":4,"column":3}},"loc":{"start":{"line":4,"column":29},"end":{"line":6,"column":3}},"line":4},"1":{"name":"(anonymous_1)","decl":{"start":{"line":14,"column":2},"end":{"line":14,"column":3}},"loc":{"start":{"line":14,"column":32},"end":{"line":41,"column":3}},"line":14},"2":{"name":"(anonymous_2)","decl":{"start":{"line":27,"column":32},"end":{"line":27,"column":33}},"loc":{"start":{"line":27,"column":37},"end":{"line":27,"column":62}},"line":27},"3":{"name":"(anonymous_3)","decl":{"start":{"line":47,"column":2},"end":{"line":47,"column":3}},"loc":{"start":{"line":47,"column":18},"end":{"line":52,"column":3}},"line":47},"4":{"name":"(anonymous_4)","decl":{"start":{"line":49,"column":45},"end":{"line":49,"column":46}},"loc":{"start":{"line":49,"column":50},"end":{"line":49,"column":72}},"line":49},"5":{"name":"(anonymous_5)","decl":{"start":{"line":50,"column":36},"end":{"line":50,"column":37}},"loc":{"start":{"line":50,"column":46},"end":{"line":50,"column":51}},"line":50},"6":{"name":"(anonymous_6)","decl":{"start":{"line":51,"column":25},"end":{"line":51,"column":26}},"loc":{"start":{"line":51,"column":30},"end":{"line":51,"column":40}},"line":51},"7":{"name":"(anonymous_7)","decl":{"start":{"line":57,"column":2},"end":{"line":57,"column":3}},"loc":{"start":{"line":57,"column":28},"end":{"line":69,"column":3}},"line":57},"8":{"name":"(anonymous_8)","decl":{"start":{"line":59,"column":38},"end":{"line":59,"column":39}},"loc":{"start":{"line":59,"column":54},"end":{"line":62,"column":5}},"line":59},"9":{"name":"(anonymous_9)","decl":{"start":{"line":65,"column":17},"end":{"line":65,"column":18}},"loc":{"start":{"line":65,"column":27},"end":{"line":65,"column":54}},"line":65},"10":{"name":"(anonymous_10)","decl":{"start":{"line":74,"column":2},"end":{"line":74,"column":3}},"loc":{"start":{"line":74,"column":27},"end":{"line":90,"column":3}},"line":74},"11":{"name":"(anonymous_11)","decl":{"start":{"line":75,"column":27},"end":{"line":75,"column":28}},"loc":{"start":{"line":75,"column":35},"end":{"line":89,"column":5}},"line":75},"12":{"name":"(anonymous_12)","decl":{"start":{"line":95,"column":2},"end":{"line":95,"column":3}},"loc":{"start":{"line":95,"column":27},"end":{"line":110,"column":3}},"line":95},"13":{"name":"(anonymous_13)","decl":{"start":{"line":115,"column":2},"end":{"line":115,"column":3}},"loc":{"start":{"line":115,"column":45},"end":{"line":125,"column":3}},"line":115},"14":{"name":"(anonymous_14)","decl":{"start":{"line":130,"column":2},"end":{"line":130,"column":3}},"loc":{"start":{"line":130,"column":32},"end":{"line":150,"column":3}},"line":130},"15":{"name":"(anonymous_15)","decl":{"start":{"line":135,"column":40},"end":{"line":135,"column":41}},"loc":{"start":{"line":135,"column":45},"end":{"line":135,"column":57}},"line":135},"16":{"name":"(anonymous_16)","decl":{"start":{"line":137,"column":45},"end":{"line":137,"column":46}},"loc":{"start":{"line":137,"column":55},"end":{"line":137,"column":60}},"line":137},"17":{"name":"(anonymous_17)","decl":{"start":{"line":140,"column":40},"end":{"line":140,"column":41}},"loc":{"start":{"line":140,"column":52},"end":{"line":142,"column":5}},"line":140},"18":{"name":"(anonymous_18)","decl":{"start":{"line":155,"column":2},"end":{"line":155,"column":3}},"loc":{"start":{"line":155,"column":39},"end":{"line":165,"column":3}},"line":155},"19":{"name":"(anonymous_19)","decl":{"start":{"line":156,"column":37},"end":{"line":156,"column":38}},"loc":{"start":{"line":156,"column":47},"end":{"line":156,"column":52}},"line":156}},"branchMap":{"0":{"loc":{"start":{"line":4,"column":14},"end":{"line":4,"column":27}},"type":"default-arg","locations":[{"start":{"line":4,"column":23},"end":{"line":4,"column":27}}],"line":4},"1":{"loc":{"start":{"line":14,"column":18},"end":{"line":14,"column":30}},"type":"default-arg","locations":[{"start":{"line":14,"column":28},"end":{"line":14,"column":30}}],"line":14},"2":{"loc":{"start":{"line":16,"column":19},"end":{"line":16,"column":37}},"type":"binary-expr","locations":[{"start":{"line":16,"column":19},"end":{"line":16,"column":32}},{"start":{"line":16,"column":36},"end":{"line":16,"column":37}}],"line":16},"3":{"loc":{"start":{"line":17,"column":24},"end":{"line":17,"column":48}},"type":"binary-expr","locations":[{"start":{"line":17,"column":24},"end":{"line":17,"column":41}},{"start":{"line":17,"column":45},"end":{"line":17,"column":48}}],"line":17},"4":{"loc":{"start":{"line":26,"column":23},"end":{"line":28,"column":24}},"type":"cond-expr","locations":[{"start":{"line":27,"column":10},"end":{"line":27,"column":63}},{"start":{"line":28,"column":10},"end":{"line":28,"column":24}}],"line":26},"5":{"loc":{"start":{"line":82,"column":6},"end":{"line":86,"column":7}},"type":"if","locations":[{"start":{"line":82,"column":6},"end":{"line":86,"column":7}},{"start":{"line":84,"column":13},"end":{"line":86,"column":7}}],"line":82},"6":{"loc":{"start":{"line":82,"column":10},"end":{"line":82,"column":48}},"type":"binary-expr","locations":[{"start":{"line":82,"column":10},"end":{"line":82,"column":21}},{"start":{"line":82,"column":25},"end":{"line":82,"column":48}}],"line":82},"7":{"loc":{"start":{"line":96,"column":4},"end":{"line":107,"column":5}},"type":"if","locations":[{"start":{"line":96,"column":4},"end":{"line":107,"column":5}},{"start":{"line":98,"column":11},"end":{"line":107,"column":5}}],"line":96},"8":{"loc":{"start":{"line":98,"column":11},"end":{"line":107,"column":5}},"type":"if","locations":[{"start":{"line":98,"column":11},"end":{"line":107,"column":5}},{"start":{"line":105,"column":11},"end":{"line":107,"column":5}}],"line":98},"9":{"loc":{"start":{"line":115,"column":30},"end":{"line":115,"column":43}},"type":"default-arg","locations":[{"start":{"line":115,"column":41},"end":{"line":115,"column":43}}],"line":115},"10":{"loc":{"start":{"line":120,"column":23},"end":{"line":120,"column":62}},"type":"cond-expr","locations":[{"start":{"line":120,"column":37},"end":{"line":120,"column":55}},{"start":{"line":120,"column":58},"end":{"line":120,"column":62}}],"line":120},"11":{"loc":{"start":{"line":131,"column":4},"end":{"line":133,"column":5}},"type":"if","locations":[{"start":{"line":131,"column":4},"end":{"line":133,"column":5}},{"start":{},"end":{}}],"line":131},"12":{"loc":{"start":{"line":141,"column":20},"end":{"line":141,"column":48}},"type":"cond-expr","locations":[{"start":{"line":141,"column":28},"end":{"line":141,"column":44}},{"start":{"line":141,"column":47},"end":{"line":141,"column":48}}],"line":141},"13":{"loc":{"start":{"line":148,"column":19},"end":{"line":148,"column":72}},"type":"cond-expr","locations":[{"start":{"line":148,"column":33},"end":{"line":148,"column":39}},{"start":{"line":148,"column":42},"end":{"line":148,"column":72}}],"line":148},"14":{"loc":{"start":{"line":148,"column":42},"end":{"line":148,"column":72}},"type":"cond-expr","locations":[{"start":{"line":148,"column":56},"end":{"line":148,"column":64}},{"start":{"line":148,"column":67},"end":{"line":148,"column":72}}],"line":148},"15":{"loc":{"start":{"line":159,"column":4},"end":{"line":162,"column":5}},"type":"if","locations":[{"start":{"line":159,"column":4},"end":{"line":162,"column":5}},{"start":{},"end":{}}],"line":159}},"s":{"0":2,"1":4,"2":2,"3":2,"4":2,"5":2,"6":2,"7":2,"8":5,"9":2,"10":2,"11":2,"12":0,"13":0,"14":3,"15":3,"16":13,"17":3,"18":13,"19":3,"20":13,"21":2,"22":10,"23":2,"24":12,"25":2,"26":2,"27":8,"28":8,"29":8,"30":0,"31":8,"32":0,"33":0,"34":0,"35":0,"36":0,"37":0,"38":0,"39":0,"40":0,"41":0,"42":1,"43":0,"44":1,"45":3,"46":1,"47":1,"48":3,"49":1,"50":3,"51":1,"52":0,"53":0,"54":0,"55":0,"56":0,"57":0,"58":0,"59":2},"f":{"0":4,"1":2,"2":5,"3":3,"4":13,"5":13,"6":13,"7":2,"8":10,"9":12,"10":2,"11":8,"12":0,"13":0,"14":1,"15":3,"16":3,"17":3,"18":0,"19":0},"b":{"0":[0],"1":[0],"2":[2,0],"3":[2,1],"4":[1,1],"5":[8,0],"6":[8,8],"7":[0,0],"8":[0,0],"9":[0],"10":[0,0],"11":[0,1],"12":[3,0],"13":[0,1],"14":[0,1],"15":[0,0]},"_coverageSchema":"1a1c01bbd47fc00a2c39e90264f33305004495a9","hash":"9e1917d9b55c4d8c217e324fad6f993406081199"}
,"C:\\Users\\santi\\dev\\Mercados-de-Datos-y-Modelos-IA-Tokenizados-en-Avalanche\\inference-engine\\src\\preprocessing\\ImagePreprocessor.js": {"path":"C:\\Users\\santi\\dev\\Mercados-de-Datos-y-Modelos-IA-Tokenizados-en-Avalanche\\inference-engine\\src\\preprocessing\\ImagePreprocessor.js","statementMap":{"0":{"start":{"line":1,"column":14},"end":{"line":1,"column":30}},"1":{"start":{"line":2,"column":15},"end":{"line":2,"column":41}},"2":{"start":{"line":7,"column":4},"end":{"line":20,"column":6}},"3":{"start":{"line":30,"column":4},"end":{"line":89,"column":5}},"4":{"start":{"line":31,"column":24},"end":{"line":31,"column":34}},"5":{"start":{"line":34,"column":24},"end":{"line":34,"column":56}},"6":{"start":{"line":37,"column":25},"end":{"line":37,"column":43}},"7":{"start":{"line":38,"column":28},"end":{"line":38,"column":62}},"8":{"start":{"line":39,"column":26},"end":{"line":39,"column":54}},"9":{"start":{"line":43,"column":6},"end":{"line":55,"column":7}},"10":{"start":{"line":45,"column":8},"end":{"line":45,"column":33}},"11":{"start":{"line":46,"column":8},"end":{"line":46,"column":37}},"12":{"start":{"line":47,"column":8},"end":{"line":47,"column":36}},"13":{"start":{"line":48,"column":13},"end":{"line":55,"column":7}},"14":{"start":{"line":50,"column":8},"end":{"line":50,"column":37}},"15":{"start":{"line":51,"column":8},"end":{"line":51,"column":36}},"16":{"start":{"line":52,"column":8},"end":{"line":52,"column":33}},"17":{"start":{"line":54,"column":8},"end":{"line":54,"column":69}},"18":{"start":{"line":58,"column":6},"end":{"line":58,"column":78}},"19":{"start":{"line":61,"column":29},"end":{"line":63,"column":46}},"20":{"start":{"line":66,"column":6},"end":{"line":68,"column":7}},"21":{"start":{"line":67,"column":8},"end":{"line":67,"column":68}},"22":{"start":{"line":71,"column":25},"end":{"line":71,"column":45}},"23":{"start":{"line":72,"column":25},"end":{"line":79,"column":7}},"24":{"start":{"line":81,"column":26},"end":{"line":81,"column":48}},"25":{"start":{"line":82,"column":6},"end":{"line":82,"column":61}},"26":{"start":{"line":84,"column":6},"end":{"line":84,"column":24}},"27":{"start":{"line":87,"column":6},"end":{"line":87,"column":57}},"28":{"start":{"line":88,"column":6},"end":{"line":88,"column":64}},"29":{"start":{"line":96,"column":4},"end":{"line":118,"column":5}},"30":{"start":{"line":97,"column":6},"end":{"line":99,"column":7}},"31":{"start":{"line":98,"column":8},"end":{"line":98,"column":21}},"32":{"start":{"line":101,"column":6},"end":{"line":113,"column":7}},"33":{"start":{"line":103,"column":8},"end":{"line":106,"column":9}},"34":{"start":{"line":104,"column":29},"end":{"line":104,"column":48}},"35":{"start":{"line":105,"column":10},"end":{"line":105,"column":51}},"36":{"start":{"line":108,"column":8},"end":{"line":110,"column":9}},"37":{"start":{"line":109,"column":10},"end":{"line":109,"column":46}},"38":{"start":{"line":112,"column":8},"end":{"line":112,"column":65}},"39":{"start":{"line":115,"column":6},"end":{"line":115,"column":52}},"40":{"start":{"line":117,"column":6},"end":{"line":117,"column":64}},"41":{"start":{"line":125,"column":4},"end":{"line":134,"column":5}},"42":{"start":{"line":126,"column":6},"end":{"line":131,"column":20}},"43":{"start":{"line":133,"column":6},"end":{"line":133,"column":63}},"44":{"start":{"line":141,"column":24},"end":{"line":141,"column":38}},"45":{"start":{"line":142,"column":23},"end":{"line":142,"column":63}},"46":{"start":{"line":145,"column":17},"end":{"line":145,"column":94}},"47":{"start":{"line":146,"column":26},"end":{"line":146,"column":30}},"48":{"start":{"line":149,"column":4},"end":{"line":168,"column":5}},"49":{"start":{"line":149,"column":17},"end":{"line":149,"column":18}},"50":{"start":{"line":150,"column":6},"end":{"line":167,"column":7}},"51":{"start":{"line":150,"column":19},"end":{"line":150,"column":20}},"52":{"start":{"line":151,"column":27},"end":{"line":151,"column":43}},"53":{"start":{"line":152,"column":27},"end":{"line":152,"column":49}},"54":{"start":{"line":155,"column":25},"end":{"line":155,"column":64}},"55":{"start":{"line":158,"column":27},"end":{"line":158,"column":28}},"56":{"start":{"line":159,"column":8},"end":{"line":161,"column":9}},"57":{"start":{"line":160,"column":10},"end":{"line":160,"column":31}},"58":{"start":{"line":165,"column":28},"end":{"line":165,"column":58}},"59":{"start":{"line":166,"column":8},"end":{"line":166,"column":45}},"60":{"start":{"line":170,"column":4},"end":{"line":170,"column":22}},"61":{"start":{"line":177,"column":4},"end":{"line":198,"column":5}},"62":{"start":{"line":178,"column":23},"end":{"line":178,"column":58}},"63":{"start":{"line":180,"column":6},"end":{"line":182,"column":7}},"64":{"start":{"line":181,"column":8},"end":{"line":181,"column":61}},"65":{"start":{"line":184,"column":31},"end":{"line":184,"column":69}},"66":{"start":{"line":185,"column":6},"end":{"line":187,"column":7}},"67":{"start":{"line":186,"column":8},"end":{"line":186,"column":72}},"68":{"start":{"line":190,"column":6},"end":{"line":192,"column":7}},"69":{"start":{"line":191,"column":8},"end":{"line":191,"column":54}},"70":{"start":{"line":194,"column":6},"end":{"line":194,"column":22}},"71":{"start":{"line":197,"column":6},"end":{"line":197,"column":67}},"72":{"start":{"line":207,"column":4},"end":{"line":207,"column":74}},"73":{"start":{"line":214,"column":23},"end":{"line":214,"column":64}},"74":{"start":{"line":216,"column":4},"end":{"line":223,"column":5}},"75":{"start":{"line":216,"column":17},"end":{"line":216,"column":18}},"76":{"start":{"line":217,"column":6},"end":{"line":222,"column":7}},"77":{"start":{"line":217,"column":19},"end":{"line":217,"column":20}},"78":{"start":{"line":218,"column":28},"end":{"line":218,"column":50}},"79":{"start":{"line":219,"column":27},"end":{"line":219,"column":43}},"80":{"start":{"line":221,"column":8},"end":{"line":221,"column":71}},"81":{"start":{"line":225,"column":4},"end":{"line":233,"column":18}},"82":{"start":{"line":237,"column":0},"end":{"line":237,"column":35}}},"fnMap":{"0":{"name":"(anonymous_0)","decl":{"start":{"line":5,"column":2},"end":{"line":5,"column":3}},"loc":{"start":{"line":5,"column":16},"end":{"line":21,"column":3}},"line":5},"1":{"name":"(anonymous_1)","decl":{"start":{"line":29,"column":2},"end":{"line":29,"column":3}},"loc":{"start":{"line":29,"column":36},"end":{"line":90,"column":3}},"line":29},"2":{"name":"(anonymous_2)","decl":{"start":{"line":95,"column":2},"end":{"line":95,"column":3}},"loc":{"start":{"line":95,"column":25},"end":{"line":119,"column":3}},"line":95},"3":{"name":"(anonymous_3)","decl":{"start":{"line":124,"column":2},"end":{"line":124,"column":3}},"loc":{"start":{"line":124,"column":43},"end":{"line":135,"column":3}},"line":124},"4":{"name":"(anonymous_4)","decl":{"start":{"line":140,"column":2},"end":{"line":140,"column":3}},"loc":{"start":{"line":140,"column":78},"end":{"line":171,"column":3}},"line":140},"5":{"name":"(anonymous_5)","decl":{"start":{"line":176,"column":2},"end":{"line":176,"column":3}},"loc":{"start":{"line":176,"column":35},"end":{"line":199,"column":3}},"line":176},"6":{"name":"(anonymous_6)","decl":{"start":{"line":204,"column":2},"end":{"line":204,"column":3}},"loc":{"start":{"line":204,"column":48},"end":{"line":208,"column":3}},"line":204},"7":{"name":"(anonymous_7)","decl":{"start":{"line":213,"column":2},"end":{"line":213,"column":3}},"loc":{"start":{"line":213,"column":55},"end":{"line":234,"column":3}},"line":213}},"branchMap":{"0":{"loc":{"start":{"line":38,"column":28},"end":{"line":38,"column":62}},"type":"binary-expr","locations":[{"start":{"line":38,"column":28},"end":{"line":38,"column":48}},{"start":{"line":38,"column":52},"end":{"line":38,"column":62}}],"line":38},"1":{"loc":{"start":{"line":39,"column":26},"end":{"line":39,"column":54}},"type":"binary-expr","locations":[{"start":{"line":39,"column":26},"end":{"line":39,"column":45}},{"start":{"line":39,"column":49},"end":{"line":39,"column":54}}],"line":39},"2":{"loc":{"start":{"line":43,"column":6},"end":{"line":55,"column":7}},"type":"if","locations":[{"start":{"line":43,"column":6},"end":{"line":55,"column":7}},{"start":{"line":48,"column":13},"end":{"line":55,"column":7}}],"line":43},"3":{"loc":{"start":{"line":48,"column":13},"end":{"line":55,"column":7}},"type":"if","locations":[{"start":{"line":48,"column":13},"end":{"line":55,"column":7}},{"start":{"line":53,"column":13},"end":{"line":55,"column":7}}],"line":48},"4":{"loc":{"start":{"line":66,"column":6},"end":{"line":68,"column":7}},"type":"if","locations":[{"start":{"line":66,"column":6},"end":{"line":68,"column":7}},{"start":{},"end":{}}],"line":66},"5":{"loc":{"start":{"line":66,"column":10},"end":{"line":66,"column":68}},"type":"binary-expr","locations":[{"start":{"line":66,"column":10},"end":{"line":66,"column":36}},{"start":{"line":66,"column":40},"end":{"line":66,"column":68}}],"line":66},"6":{"loc":{"start":{"line":97,"column":6},"end":{"line":99,"column":7}},"type":"if","locations":[{"start":{"line":97,"column":6},"end":{"line":99,"column":7}},{"start":{},"end":{}}],"line":97},"7":{"loc":{"start":{"line":101,"column":6},"end":{"line":113,"column":7}},"type":"if","locations":[{"start":{"line":101,"column":6},"end":{"line":113,"column":7}},{"start":{},"end":{}}],"line":101},"8":{"loc":{"start":{"line":103,"column":8},"end":{"line":106,"column":9}},"type":"if","locations":[{"start":{"line":103,"column":8},"end":{"line":106,"column":9}},{"start":{},"end":{}}],"line":103},"9":{"loc":{"start":{"line":108,"column":8},"end":{"line":110,"column":9}},"type":"if","locations":[{"start":{"line":108,"column":8},"end":{"line":110,"column":9}},{"start":{},"end":{}}],"line":108},"10":{"loc":{"start":{"line":145,"column":17},"end":{"line":145,"column":94}},"type":"binary-expr","locations":[{"start":{"line":145,"column":17},"end":{"line":145,"column":54}},{"start":{"line":145,"column":58},"end":{"line":145,"column":94}}],"line":145},"11":{"loc":{"start":{"line":159,"column":8},"end":{"line":161,"column":9}},"type":"if","locations":[{"start":{"line":159,"column":8},"end":{"line":161,"column":9}},{"start":{},"end":{}}],"line":159},"12":{"loc":{"start":{"line":159,"column":12},"end":{"line":159,"column":51}},"type":"binary-expr","locations":[{"start":{"line":159,"column":12},"end":{"line":159,"column":33}},{"start":{"line":159,"column":37},"end":{"line":159,"column":51}}],"line":159},"13":{"loc":{"start":{"line":180,"column":6},"end":{"line":182,"column":7}},"type":"if","locations":[{"start":{"line":180,"column":6},"end":{"line":182,"column":7}},{"start":{},"end":{}}],"line":180},"14":{"loc":{"start":{"line":180,"column":10},"end":{"line":180,"column":45}},"type":"binary-expr","locations":[{"start":{"line":180,"column":10},"end":{"line":180,"column":25}},{"start":{"line":180,"column":29},"end":{"line":180,"column":45}}],"line":180},"15":{"loc":{"start":{"line":185,"column":6},"end":{"line":187,"column":7}},"type":"if","locations":[{"start":{"line":185,"column":6},"end":{"line":187,"column":7}},{"start":{},"end":{}}],"line":185},"16":{"loc":{"start":{"line":190,"column":6},"end":{"line":192,"column":7}},"type":"if","locations":[{"start":{"line":190,"column":6},"end":{"line":192,"column":7}},{"start":{},"end":{}}],"line":190}},"s":{"0":2,"1":2,"2":5,"3":1,"4":1,"5":1,"6":1,"7":1,"8":1,"9":1,"10":0,"11":0,"12":0,"13":1,"14":1,"15":1,"16":1,"17":0,"18":1,"19":0,"20":0,"21":0,"22":0,"23":0,"24":0,"25":0,"26":0,"27":1,"28":1,"29":1,"30":1,"31":1,"32":0,"33":0,"34":0,"35":0,"36":0,"37":0,"38":0,"39":0,"40":0,"41":1,"42":1,"43":1,"44":0,"45":0,"46":0,"47":0,"48":0,"49":0,"50":0,"51":0,"52":0,"53":0,"54":0,"55":0,"56":0,"57":0,"58":0,"59":0,"60":0,"61":0,"62":0,"63":0,"64":0,"65":0,"66":0,"67":0,"68":0,"69":0,"70":0,"71":0,"72":0,"73":0,"74":0,"75":0,"76":0,"77":0,"78":0,"79":0,"80":0,"81":0,"82":2},"f":{"0":5,"1":1,"2":1,"3":1,"4":0,"5":0,"6":0,"7":0},"b":{"0":[1,1],"1":[1,1],"2":[0,1],"3":[1,0],"4":[0,0],"5":[0,0],"6":[1,0],"7":[0,0],"8":[0,0],"9":[0,0],"10":[0,0],"11":[0,0],"12":[0,0],"13":[0,0],"14":[0,0],"15":[0,0],"16":[0,0]},"_coverageSchema":"1a1c01bbd47fc00a2c39e90264f33305004495a9","hash":"a09c0823a0f442f4790778ceca1ea8efdf7d6623"}
[...]
lumn":3}},"69":{"start":{"line":285,"column":2},"end":{"line":307,"column":3}},"70":{"start":{"line":286,"column":25},"end":{"line":286,"column":35}},"71":{"start":{"line":288,"column":21},"end":{"line":288,"column":60}},"72":{"start":{"line":290,"column":4},"end":{"line":300,"column":5}},"73":{"start":{"line":291,"column":6},"end":{"line":294,"column":9}},"74":{"start":{"line":296,"column":6},"end":{"line":299,"column":9}},"75":{"start":{"line":302,"column":4},"end":{"line":302,"column":42}},"76":{"start":{"line":303,"column":4},"end":{"line":306,"column":7}},"77":{"start":{"line":314,"column":0},"end":{"line":339,"column":3}},"78":{"start":{"line":315,"column":2},"end":{"line":338,"column":3}},"79":{"start":{"line":316,"column":24},"end":{"line":316,"column":52}},"80":{"start":{"line":317,"column":27},"end":{"line":317,"column":53}},"81":{"start":{"line":318,"column":25},"end":{"line":318,"column":54}},"82":{"start":{"line":320,"column":4},"end":{"line":331,"column":7}},"83":{"start":{"line":333,"column":4},"end":{"line":333,"column":48}},"84":{"start":{"line":334,"column":4},"end":{"line":337,"column":7}},"85":{"start":{"line":354,"column":0},"end":{"line":503,"column":3}},"86":{"start":{"line":355,"column":20},"end":{"line":355,"column":30}},"87":{"start":{"line":357,"column":2},"end":{"line":502,"column":3}},"88":{"start":{"line":363,"column":8},"end":{"line":363,"column":16}},"89":{"start":{"line":366,"column":4},"end":{"line":377,"column":5}},"90":{"start":{"line":367,"column":6},"end":{"line":376,"column":9}},"91":{"start":{"line":380,"column":4},"end":{"line":386,"column":5}},"92":{"start":{"line":381,"column":6},"end":{"line":385,"column":9}},"93":{"start":{"line":388,"column":4},"end":{"line":393,"column":5}},"94":{"start":{"line":389,"column":6},"end":{"line":392,"column":9}},"95":{"start":{"line":396,"column":22},"end":{"line":396,"column":52}},"96":{"start":{"line":397,"column":4},"end":{"line":402,"column":5}},"97":{"start":{"line":398,"column":6},"end":{"line":401,"column":9}},"98":{"start":{"line":405,"column":29},"end":{"line":405,"column":31}},"99":{"start":{"line":406,"column":29},"end":{"line":406,"column":31}},"100":{"start":{"line":408,"column":4},"end":{"line":435,"column":5}},"101":{"start":{"line":408,"column":17},"end":{"line":408,"column":18}},"102":{"start":{"line":409,"column":24},"end":{"line":409,"column":42}},"103":{"start":{"line":411,"column":6},"end":{"line":434,"column":7}},"104":{"start":{"line":413,"column":27},"end":{"line":413,"column":75}},"105":{"start":{"line":414,"column":8},"end":{"line":420,"column":9}},"106":{"start":{"line":415,"column":10},"end":{"line":418,"column":13}},"107":{"start":{"line":419,"column":10},"end":{"line":419,"column":19}},"108":{"start":{"line":422,"column":23},"end":{"line":425,"column":9}},"109":{"start":{"line":426,"column":8},"end":{"line":426,"column":78}},"110":{"start":{"line":429,"column":8},"end":{"line":433,"column":11}},"111":{"start":{"line":438,"column":4},"end":{"line":446,"column":5}},"112":{"start":{"line":439,"column":6},"end":{"line":445,"column":9}},"113":{"start":{"line":449,"column":23},"end":{"line":449,"column":64}},"114":{"start":{"line":449,"column":52},"end":{"line":449,"column":63}},"115":{"start":{"line":450,"column":24},"end":{"line":454,"column":5}},"116":{"start":{"line":457,"column":19},"end":{"line":457,"column":35}},"117":{"start":{"line":458,"column":26},"end":{"line":458,"column":65}},"118":{"start":{"line":460,"column":27},"end":{"line":468,"column":7}},"119":{"start":{"line":460,"column":71},"end":{"line":468,"column":5}},"120":{"start":{"line":470,"column":22},"end":{"line":470,"column":44}},"121":{"start":{"line":472,"column":4},"end":{"line":488,"column":7}},"122":{"start":{"line":490,"column":4},"end":{"line":490,"column":112}},"123":{"start":{"line":493,"column":4},"end":{"line":493,"column":51}},"124":{"start":{"line":494,"column":22},"end":{"line":494,"column":44}},"125":{"start":{"line":496,"column":4},"end":{"line":501,"column":7}},"126":{"start":{"line":509,"column":0},"end":{"line":509,"column":41}}},"fnMap":{"0":{"name":"(anonymous_0)","decl":{"start":{"line":33,"column":24},"end":{"line":33,"column":25}},"loc":{"start":{"line":33,"column":44},"end":{"line":175,"column":1}},"line":33},"1":{"name":"(anonymous_1)","decl":{"start":{"line":181,"column":23},"end":{"line":181,"column":24}},"loc":{"start":{"line":181,"column":37},"end":{"line":210,"column":1}},"line":181},"2":{"name":"(anonymous_2)","decl":{"start":{"line":216,"column":29},"end":{"line":216,"column":30}},"loc":{"start":{"line":216,"column":43},"end":{"line":234,"column":1}},"line":216},"3":{"name":"(anonymous_3)","decl":{"start":{"line":241,"column":24},"end":{"line":241,"column":25}},"loc":{"start":{"line":241,"column":44},"end":{"line":278,"column":1}},"line":241},"4":{"name":"(anonymous_4)","decl":{"start":{"line":284,"column":35},"end":{"line":284,"column":36}},"loc":{"start":{"line":284,"column":55},"end":{"line":308,"column":1}},"line":284},"5":{"name":"(anonymous_5)","decl":{"start":{"line":314,"column":22},"end":{"line":314,"column":23}},"loc":{"start":{"line":314,"column":36},"end":{"line":339,"column":1}},"line":314},"6":{"name":"(anonymous_6)","decl":{"start":{"line":354,"column":22},"end":{"line":354,"column":23}},"loc":{"start":{"line":354,"column":42},"end":{"line":503,"column":1}},"line":354},"7":{"name":"(anonymous_7)","decl":{"start":{"line":449,"column":44},"end":{"line":449,"column":45}},"loc":{"start":{"line":449,"column":52},"end":{"line":449,"column":63}},"line":449},"8":{"name":"(anonymous_8)","decl":{"start":{"line":460,"column":51},"end":{"line":460,"column":52}},"loc":{"start":{"line":460,"column":71},"end":{"line":468,"column":5}},"line":460}},"branchMap":{"0":{"loc":{"start":{"line":39,"column":6},"end":{"line":39,"column":29}},"type":"default-arg","locations":[{"start":{"line":39,"column":23},"end":{"line":39,"column":29}}],"line":39},"1":{"loc":{"start":{"line":41,"column":6},"end":{"line":41,"column":18}},"type":"default-arg","locations":[{"start":{"line":41,"column":16},"end":{"line":41,"column":18}}],"line":41},"2":{"loc":{"start":{"line":45,"column":4},"end":{"line":51,"column":5}},"type":"if","locations":[{"start":{"line":45,"column":4},"end":{"line":51,"column":5}},{"start":{},"end":{}}],"line":45},"3":{"loc":{"start":{"line":53,"column":4},"end":{"line":64,"column":5}},"type":"if","locations":[{"start":{"line":53,"column":4},"end":{"line":64,"column":5}},{"start":{},"end":{}}],"line":53},"4":{"loc":{"start":{"line":68,"column":4},"end":{"line":75,"column":5}},"type":"if","locations":[{"start":{"line":68,"column":4},"end":{"line":75,"column":5}},{"start":{},"end":{}}],"line":68},"5":{"loc":{"start":{"line":78,"column":4},"end":{"line":84,"column":5}},"type":"if","locations":[{"start":{"line":78,"column":4},"end":{"line":84,"column":5}},{"start":{},"end":{}}],"line":78},"6":{"loc":{"start":{"line":89,"column":4},"end":{"line":96,"column":5}},"type":"if","locations":[{"start":{"line":89,"column":4},"end":{"line":96,"column":5}},{"start":{},"end":{}}],"line":89},"7":{"loc":{"start":{"line":117,"column":15},"end":{"line":117,"column":39}},"type":"binary-expr","locations":[{"start":{"line":117,"column":15},"end":{"line":117,"column":30}},{"start":{"line":117,"column":34},"end":{"line":117,"column":39}}],"line":117},"8":{"loc":{"start":{"line":131,"column":13},"end":{"line":131,"column":31}},"type":"binary-expr","locations":[{"start":{"line":131,"column":13},"end":{"line":131,"column":26}},{"start":{"line":131,"column":30},"end":{"line":131,"column":31}}],"line":131},"9":{"loc":{"start":{"line":132,"column":17},"end":{"line":132,"column":39}},"type":"binary-expr","locations":[{"start":{"line":132,"column":17},"end":{"line":132,"column":34}},{"start":{"line":132,"column":38},"end":{"line":132,"column":39}}],"line":132},"10":{"loc":{"start":{"line":244,"column":34},"end":{"line":244,"column":48}},"type":"default-arg","locations":[{"start":{"line":244,"column":43},"end":{"line":244,"column":48}}],"line":244},"11":{"loc":{"start":{"line":246,"column":4},"end":{"line":251,"column":5}},"type":"if","locations":[{"start":{"line":246,"column":4},"end":{"line":251,"column":5}},{"start":{},"end":{}}],"line":246},"12":{"loc":{"start":{"line":246,"column":8},"end":{"line":246,"column":32}},"type":"binary-expr","locations":[{"start":{"line":246,"column":8},"end":{"line":246,"column":16}},{"start":{"line":246,"column":20},"end":{"line":246,"column":32}}],"line":246},"13":{"loc":{"start":{"line":258,"column":4},"end":{"line":260,"column":5}},"type":"if","locations":[{"start":{"line":258,"column":4},"end":{"line":260,"column":5}},{"start":{},"end":{}}],"line":258},"14":{"loc":{"start":{"line":290,"column":4},"end":{"line":300,"column":5}},"type":"if","locations":[{"start":{"line":290,"column":4},"end":{"line":300,"column":5}},{"start":{"line":295,"column":11},"end":{"line":300,"column":5}}],"line":290},"15":{"loc":{"start":{"line":360,"column":6},"end":{"line":360,"column":29}},"type":"default-arg","locations":[{"start":{"line":360,"column":23},"end":{"line":360,"column":29}}],"line":360},"16":{"loc":{"start":{"line":362,"column":6},"end":{"line":362,"column":18}},"type":"default-arg","locations":[{"start":{"line":362,"column":16},"end":{"line":362,"column":18}}],"line":362},"17":{"loc":{"start":{"line":366,"column":4},"end":{"line":377,"column":5}},"type":"if","locations":[{"start":{"line":366,"column":4},"end":{"line":377,"column":5}},{"start":{},"end":{}}],"line":366},"18":{"loc":{"start":{"line":366,"column":8},"end":{"line":366,"column":72}},"type":"binary-expr","locations":[{"start":{"line":366,"column":8},"end":{"line":366,"column":17}},{"start":{"line":366,"column":21},"end":{"line":366,"column":37}},{"start":{"line":366,"column":41},"end":{"line":366,"column":72}}],"line":366},"19":{"loc":{"start":{"line":380,"column":4},"end":{"line":386,"column":5}},"type":"if","locations":[{"start":{"line":380,"column":4},"end":{"line":386,"column":5}},{"start":{},"end":{}}],"line":380},"20":{"loc":{"start":{"line":388,"column":4},"end":{"line":393,"column":5}},"type":"if","locations":[{"start":{"line":388,"column":4},"end":{"line":393,"column":5}},{"start":{},"end":{}}],"line":388},"21":{"loc":{"start":{"line":397,"column":4},"end":{"line":402,"column":5}},"type":"if","locations":[{"start":{"line":397,"column":4},"end":{"line":402,"column":5}},{"start":{},"end":{}}],"line":397},"22":{"loc":{"start":{"line":414,"column":8},"end":{"line":420,"column":9}},"type":"if","locations":[{"start":{"line":414,"column":8},"end":{"line":420,"column":9}},{"start":{},"end":{}}],"line":414},"23":{"loc":{"start":{"line":438,"column":4},"end":{"line":446,"column":5}},"type":"if","locations":[{"start":{"line":438,"column":4},"end":{"line":446,"column":5}},{"start":{},"end":{}}],"line":438},"24":{"loc":{"start":{"line":464,"column":15},"end":{"line":464,"column":33}},"type":"binary-expr","locations":[{"start":{"line":464,"column":15},"end":{"line":464,"column":28}},{"start":{"line":464,"column":32},"end":{"line":464,"column":33}}],"line":464},"25":{"loc":{"start":{"line":465,"column":19},"end":{"line":465,"column":41}},"type":"binary-expr","locations":[{"start":{"line":465,"column":19},"end":{"line":465,"column":36}},{"start":{"line":465,"column":40},"end":{"line":465,"column":41}}],"line":465}},"s":{"0":1,"1":1,"2":1,"3":1,"4":1,"5":1,"6":1,"7":1,"8":1,"9":1,"10":1,"11":1,"12":4,"13":4,"14":4,"15":4,"16":1,"17":3,"18":3,"19":0,"20":0,"21":0,"22":0,"23":0,"24":0,"25":0,"26":0,"27":0,"28":0,"29":0,"30":0,"31":0,"32":0,"33":0,"34":0,"35":0,"36":0,"37":0,"38":0,"39":0,"40":0,"41":0,"42":1,"43":0,"44":0,"45":0,"46":0,"47":0,"48":1,"49":1,"50":1,"51":1,"52":1,"53":0,"54":0,"55":1,"56":1,"57":1,"58":1,"59":1,"60":0,"61":0,"62":0,"63":0,"64":0,"65":0,"66":0,"67":0,"68":1,"69":0,"70":0,"71":0,"72":0,"73":0,"74":0,"75":0,"76":0,"77":1,"78":1,"79":1,"80":1,"81":1,"82":1,"83":0,"84":0,"85":1,"86":2,"87":2,"88":2,"89":2,"90":2,"91":0,"92":0,"93":0,"94":0,"95":0,"96":0,"97":0,"98":0,"99":0,"100":0,"101":0,"102":0,"103":0,"104":0,"105":0,"106":0,"107":0,"108":0,"109":0,"110":0,"111":0,"112":0,"113":0,"114":0,"115":0,"116":0,"117":0,"118":0,"119":0,"120":0,"121":0,"122":0,"123":0,"124":0,"125":0,"126":1},"f":{"0":4,"1":0,"2":1,"3":1,"4":0,"5":1,"6":2,"7":0,"8":0},"b":{"0":[4],"1":[3],"2":[1,3],"3":[3,0],"4":[0,0],"5":[0,0],"6":[0,0],"7":[0,0],"8":[0,0],"9":[0,0],"10":[0],"11":[1,0],"12":[1,0],"13":[0,0],"14":[0,0],"15":[2],"16":[1],"17":[2,0],"18":[2,2,0],"19":[0,0],"20":[0,0],"21":[0,0],"22":[0,0],"23":[0,0],"24":[0,0],"25":[0,0]},"_coverageSchema":"1a1c01bbd47fc00a2c39e90264f33305004495a9","hash":"fee277ce5d4fcac0b953adccfd8b55a853d1ce81"}
,"C:\\Users\\santi\\dev\\Mercados-de-Datos-y-Modelos-IA-Tokenizados-en-Avalanche\\inference-engine\\src\\routes\\model.routes.js": {"path":"C:\\Users\\santi\\dev\\Mercados-de-Datos-y-Modelos-IA-Tokenizados-en-Avalanche\\inference-engine\\src\\routes\\model.routes.js","statementMap":{"0":{"start":{"line":3,"column":16},"end":{"line":3,"column":34}},"1":{"start":{"line":4,"column":15},"end":{"line":4,"column":31}},"2":{"start":{"line":5,"column":20},"end":{"line":5,"column":50}},"3":{"start":{"line":6,"column":15},"end":{"line":6,"column":41}},"4":{"start":{"line":8,"column":24},"end":{"line":8,"column":53}},"5":{"start":{"line":14,"column":0},"end":{"line":51,"column":3}},"6":{"start":{"line":15,"column":4},"end":{"line":50,"column":5}},"7":{"start":{"line":16,"column":57},"end":{"line":16,"column":65}},"8":{"start":{"line":18,"column":8},"end":{"line":20,"column":9}},"9":{"start":{"line":19,"column":12},"end":{"line":19,"column":84}},"10":{"start":{"line":22,"column":26},"end":{"line":22,"column":36}},"11":{"start":{"line":24,"column":26},"end":{"line":24,"column":83}},"12":{"start":{"line":27,"column":8},"end":{"line":32,"column":9}},"13":{"start":{"line":31,"column":12},"end":{"line":31,"column":62}},"14":{"start":{"line":34,"column":25},"end":{"line":34,"column":47}},"15":{"start":{"line":36,"column":8},"end":{"line":42,"column":11}},"16":{"start":{"line":44,"column":8},"end":{"line":44,"column":76}},"17":{"start":{"line":45,"column":8},"end":{"line":49,"column":11}},"18":{"start":{"line":57,"column":0},"end":{"line":75,"column":3}},"19":{"start":{"line":58,"column":4},"end":{"line":74,"column":5}},"20":{"start":{"line":59,"column":32},"end":{"line":59,"column":42}},"21":{"start":{"line":60,"column":25},"end":{"line":60,"column":67}},"22":{"start":{"line":62,"column":8},"end":{"line":66,"column":11}},"23":{"start":{"line":68,"column":8},"end":{"line":68,"column":69}},"24":{"start":{"line":69,"column":8},"end":{"line":73,"column":11}},"25":{"start":{"line":81,"column":0},"end":{"line":107,"column":3}},"26":{"start":{"line":82,"column":4},"end":{"line":106,"column":5}},"27":{"start":{"line":83,"column":32},"end":{"line":83,"column":42}},"28":{"start":{"line":84,"column":25},"end":{"line":84,"column":67}},"29":{"start":{"line":86,"column":25},"end":{"line":86,"column":43}},"30":{"start":{"line":87,"column":26},"end":{"line":87,"column":45}},"31":{"start":{"line":89,"column":28},"end":{"line":89,"column":71}},"32":{"start":{"line":90,"column":25},"end":{"line":90,"column":71}},"33":{"start":{"line":92,"column":8},"end":{"line":97,"column":11}},"34":{"start":{"line":100,"column":8},"end":{"line":100,"column":72}},"35":{"start":{"line":101,"column":8},"end":{"line":105,"column":11}},"36":{"start":{"line":114,"column":0},"end":{"line":120,"column":3}},"37":{"start":{"line":115,"column":19},"end":{"line":115,"column":47}},"38":{"start":{"line":116,"column":4},"end":{"line":119,"column":7}},"39":{"start":{"line":126,"column":0},"end":{"line":141,"column":3}},"40":{"start":{"line":127,"column":4},"end":{"line":140,"column":5}},"41":{"start":{"line":128,"column":8},"end":{"line":128,"column":39}},"42":{"start":{"line":129,"column":8},"end":{"line":133,"column":11}},"43":{"start":{"line":135,"column":9},"end":{"line":135,"column":66}},"44":{"start":{"line":136,"column":9},"end":{"line":139,"column":12}},"45":{"start":{"line":143,"column":0},"end":{"line":143,"column":24}}},"fnMap":{"0":{"name":"(anonymous_0)","decl":{"start":{"line":14,"column":21},"end":{"line":14,"column":22}},"loc":{"start":{"line":14,"column":41},"end":{"line":51,"column":1}},"line":14},"1":{"name":"(anonymous_1)","decl":{"start":{"line":57,"column":37},"end":{"line":57,"column":38}},"loc":{"start":{"line":57,"column":57},"end":{"line":75,"column":1}},"line":57},"2":{"name":"(anonymous_2)","decl":{"start":{"line":81,"column":35},"end":{"line":81,"column":36}},"loc":{"start":{"line":81,"column":55},"end":{"line":107,"column":1}},"line":81},"3":{"name":"(anonymous_3)","decl":{"start":{"line":114,"column":28},"end":{"line":114,"column":29}},"loc":{"start":{"line":114,"column":42},"end":{"line":120,"column":1}},"line":114},"4":{"name":"(anonymous_4)","decl":{"start":{"line":126,"column":30},"end":{"line":126,"column":31}},"loc":{"start":{"line":126,"column":50},"end":{"line":141,"column":1}},"line":126}},"branchMap":{"0":{"loc":{"start":{"line":16,"column":38},"end":{"line":16,"column":52}},"type":"default-arg","locations":[{"start":{"line":16,"column":47},"end":{"line":16,"column":52}}],"line":16},"1":{"loc":{"start":{"line":18,"column":8},"end":{"line":20,"column":9}},"type":"if","locations":[{"start":{"line":18,"column":8},"end":{"line":20,"column":9}},{"start":{},"end":{}}],"line":18},"2":{"loc":{"start":{"line":18,"column":12},"end":{"line":18,"column":36}},"type":"binary-expr","locations":[{"start":{"line":18,"column":12},"end":{"line":18,"column":20}},{"start":{"line":18,"column":24},"end":{"line":18,"column":36}}],"line":18},"3":{"loc":{"start":{"line":27,"column":8},"end":{"line":32,"column":9}},"type":"if","locations":[{"start":{"line":27,"column":8},"end":{"line":32,"column":9}},{"start":{},"end":{}}],"line":27},"4":{"loc":{"start":{"line":96,"column":21},"end":{"line":96,"column":94}},"type":"cond-expr","locations":[{"start":{"line":96,"column":32},"end":{"line":96,"column":56}},{"start":{"line":96,"column":59},"end":{"line":96,"column":94}}],"line":96}},"s":{"0":1,"1":1,"2":1,"3":1,"4":1,"5":1,"6":0,"7":0,"8":0,"9":0,"10":0,"11":0,"12":0,"13":0,"14":0,"15":0,"16":0,"17":0,"18":1,"19":0,"20":0,"21":0,"22":0,"23":0,"24":0,"25":1,"26":0,"27":0,"28":0,"29":0,"30":0,"31":0,"32":0,"33":0,"34":0,"35":0,"36":1,"37":0,"38":0,"39":1,"40":0,"41":0,"42":0,"43":0,"44":0,"45":1},"f":{"0":0,"1":0,"2":0,"3":0,"4":0},"b":{"0":[0],"1":[0,0],"2":[0,0],"3":[0,0],"4":[0,0]},"_coverageSchema":"1a1c01bbd47fc00a2c39e90264f33305004495a9","hash":"7f69164711cdc1180c8ca5e6dc5ea42e93049853"}
,"C:\\Users\\santi\\dev\\Mercados-de-Datos-y-Modelos-IA-Tokenizados-en-Avalanche\\inference-engine\\src\\utils\\logger.js": {"path":"C:\\Users\\santi\\dev\\Mercados-de-Datos-y-Modelos-IA-Tokenizados-en-Avalanche\\inference-engine\\src\\utils\\logger.js","statementMap":{"0":{"start":{"line":1,"column":16},"end":{"line":1,"column":34}},"1":{"start":{"line":3,"column":15},"end":{"line":18,"column":2}},"2":{"start":{"line":21,"column":0},"end":{"line":33,"column":1}},"3":{"start":{"line":22,"column":2},"end":{"line":27,"column":4}},"4":{"start":{"line":28,"column":2},"end":{"line":32,"column":4}},"5":{"start":{"line":35,"column":0},"end":{"line":35,"column":24}}},"fnMap":{},"branchMap":{"0":{"loc":{"start":{"line":4,"column":9},"end":{"line":4,"column":40}},"type":"binary-expr","locations":[{"start":{"line":4,"column":9},"end":{"line":4,"column":30}},{"start":{"line":4,"column":34},"end":{"line":4,"column":40}}],"line":4},"1":{"loc":{"start":{"line":21,"column":0},"end":{"line":33,"column":1}},"type":"if","locations":[{"start":{"line":21,"column":0},"end":{"line":33,"column":1}},{"start":{},"end":{}}],"line":21}},"s":{"0":3,"1":3,"2":3,"3":0,"4":0,"5":3},"f":{},"b":{"0":[3,3],"1":[0,3]},"_coverageSchema":"1a1c01bbd47fc00a2c39e90264f33305004495a9","hash":"52fa5ac9c348190d7e7a2eaaa560719268b3eb24"}
}
