TN:
SF:src\server.js
FN:37,(anonymous_0)
FN:47,(anonymous_1)
FN:57,(anonymous_2)
FN:78,(anonymous_3)
FN:87,(anonymous_4)
FN:107,gracefulShutdown
FN:111,(anonymous_6)
FN:128,(anonymous_7)
FN:133,(anonymous_8)
FN:142,(anonymous_9)
FNF:10
FNH:3
FNDA:11,(anonymous_0)
FNDA:1,(anonymous_1)
FNDA:1,(anonymous_2)
FNDA:0,(anonymous_3)
FNDA:0,(anonymous_4)
FNDA:0,gracefulShutdown
FNDA:0,(anonymous_6)
FNDA:0,(anonymous_7)
FNDA:0,(anonymous_8)
FNDA:0,(anonymous_9)
DA:3,1
DA:4,1
DA:5,1
DA:6,1
DA:7,1
DA:10,1
DA:11,1
DA:15,1
DA:17,1
DA:18,1
DA:20,1
DA:23,1
DA:32,1
DA:33,1
DA:34,1
DA:37,11
DA:43,1
DA:44,1
DA:47,1
DA:48,1
DA:57,1
DA:58,1
DA:59,1
DA:71,1
DA:74,1
DA:75,1
DA:78,1
DA:79,0
DA:87,1
DA:88,0
DA:91,0
DA:96,0
DA:97,0
DA:100,0
DA:104,1
DA:105,1
DA:108,0
DA:111,0
DA:112,0
DA:116,0
DA:119,0
DA:120,0
DA:122,0
DA:123,0
DA:128,1
DA:129,0
DA:130,0
DA:133,1
DA:134,0
DA:135,0
DA:138,1
DA:139,1
DA:142,1
DA:143,0
DA:144,0
DA:145,0
DA:146,0
DA:147,0
DA:150,1
LF:59
LH:36
BRDA:93,0,0,0
BRDA:93,0,1,0
BRDA:96,1,0,0
BRDA:96,1,1,0
BRDA:100,2,0,0
BRDA:100,2,1,0
BRDA:145,3,0,0
BRDA:145,3,1,0
BRF:8
BRH:0
end_of_record
TN:
SF:src\config\config.js
FNF:0
FNH:0
DA:2,1
LF:1
LH:1
BRDA:4,0,0,1
BRDA:4,0,1,1
BRDA:5,1,0,1
BRDA:5,1,1,1
BRDA:6,2,0,1
BRDA:6,2,1,1
BRDA:9,3,0,1
BRDA:9,3,1,1
BRDA:13,4,0,1
BRDA:13,4,1,1
BRDA:14,5,0,1
BRDA:14,5,1,1
BRDA:17,6,0,1
BRDA:17,6,1,1
BRDA:26,7,0,1
BRDA:26,7,1,0
BRDA:29,8,0,1
BRDA:29,8,1,1
BRDA:33,9,0,1
BRDA:33,9,1,1
BRDA:34,10,0,1
BRDA:34,10,1,1
BRDA:35,11,0,1
BRDA:35,11,1,1
BRF:24
BRH:23
end_of_record
TN:
SF:src\inference\InferenceEngine.js
FN:5,(anonymous_0)
FN:19,(anonymous_1)
FN:79,(anonymous_2)
FN:82,(anonymous_3)
FN:83,(anonymous_4)
FN:95,(anonymous_5)
FN:105,(anonymous_6)
FN:117,(anonymous_7)
FN:134,(anonymous_8)
FN:165,(anonymous_9)
FN:170,(anonymous_10)
FN:187,(anonymous_11)
FN:199,(anonymous_12)
FN:209,(anonymous_13)
FN:220,(anonymous_14)
FN:228,(anonymous_15)
FN:241,(anonymous_16)
FN:251,(anonymous_17)
FN:260,(anonymous_18)
FNF:19
FNH:3
FNDA:1,(anonymous_0)
FNDA:0,(anonymous_1)
FNDA:0,(anonymous_2)
FNDA:0,(anonymous_3)
FNDA:0,(anonymous_4)
FNDA:0,(anonymous_5)
FNDA:0,(anonymous_6)
FNDA:0,(anonymous_7)
FNDA:0,(anonymous_8)
FNDA:0,(anonymous_9)
FNDA:0,(anonymous_10)
FNDA:0,(anonymous_11)
FNDA:0,(anonymous_12)
FNDA:0,(anonymous_13)
FNDA:0,(anonymous_14)
FNDA:1,(anonymous_15)
FNDA:1,(anonymous_16)
FNDA:0,(anonymous_17)
FNDA:0,(anonymous_18)
DA:1,1
DA:2,1
DA:6,1
DA:7,1
DA:8,1
DA:9,1
DA:20,0
DA:21,0
DA:23,0
DA:25,0
DA:28,0
DA:29,0
DA:31,0
DA:34,0
DA:37,0
DA:44,0
DA:45,0
DA:48,0
DA:49,0
DA:51,0
DA:53,0
DA:61,0
DA:62,0
DA:65,0
DA:66,0
DA:68,0
DA:69,0
DA:72,0
DA:80,0
DA:83,0
DA:84,0
DA:85,0
DA:86,0
DA:96,0
DA:97,0
DA:100,0
DA:101,0
DA:104,0
DA:105,0
DA:107,0
DA:108,0
DA:119,0
DA:120,0
DA:124,0
DA:125,0
DA:128,0
DA:135,0
DA:136,0
DA:138,0
DA:139,0
DA:140,0
DA:141,0
DA:144,0
DA:145,0
DA:147,0
DA:149,0
DA:157,0
DA:158,0
DA:166,0
DA:167,0
DA:169,0
DA:170,0
DA:171,0
DA:174,0
DA:175,0
DA:178,0
DA:180,0
DA:188,0
DA:190,0
DA:200,0
DA:201,0
DA:204,0
DA:206,0
DA:210,0
DA:211,0
DA:212,0
DA:214,0
DA:221,0
DA:222,0
DA:229,1
DA:233,1
DA:242,1
DA:244,0
DA:245,0
DA:252,0
DA:253,0
DA:254,0
DA:261,0
DA:269,0
DA:270,0
DA:271,0
DA:275,0
DA:279,1
LF:93
LH:10
BRDA:7,0,0,1
BRDA:7,0,1,0
BRDA:19,1,0,0
BRDA:21,2,0,0
BRDA:21,2,1,0
BRDA:65,3,0,0
BRDA:65,3,1,0
BRDA:68,4,0,0
BRDA:68,4,1,0
BRDA:96,5,0,0
BRDA:96,5,1,0
BRDA:96,6,0,0
BRDA:96,6,1,0
BRDA:100,7,0,0
BRDA:100,7,1,0
BRDA:100,8,0,0
BRDA:100,8,1,0
BRDA:107,9,0,0
BRDA:107,9,1,0
BRDA:119,10,0,0
BRDA:119,10,1,0
BRDA:124,11,0,0
BRDA:124,11,1,0
BRDA:134,12,0,0
BRDA:229,13,0,0
BRDA:229,13,1,1
BRDA:242,14,0,1
BRDA:242,14,1,0
BRDA:270,15,0,0
BRDA:270,15,1,0
BRF:30
BRH:3
end_of_record
TN:
SF:src\ipfs\IpfsService.js
FN:15,(anonymous_0)
FN:30,(anonymous_1)
FN:35,(anonymous_2)
FN:52,(anonymous_3)
FN:95,(anonymous_4)
FN:107,(anonymous_5)
FNF:6
FNH:1
FNDA:1,(anonymous_0)
FNDA:0,(anonymous_1)
FNDA:0,(anonymous_2)
FNDA:0,(anonymous_3)
FNDA:0,(anonymous_4)
FNDA:0,(anonymous_5)
DA:3,1
DA:5,1
DA:6,1
DA:7,1
DA:8,1
DA:12,1
DA:17,1
DA:18,1
DA:19,1
DA:22,1
DA:28,1
DA:32,0
DA:36,0
DA:38,0
DA:54,0
DA:56,0
DA:57,0
DA:65,0
DA:66,0
DA:69,0
DA:70,0
DA:71,0
DA:72,0
DA:74,0
DA:77,0
DA:80,0
DA:81,0
DA:83,0
DA:84,0
DA:86,0
DA:96,0
DA:97,0
DA:111,0
DA:113,0
DA:118,1
LF:35
LH:12
BRDA:12,0,0,1
BRDA:12,0,1,0
BRDA:36,1,0,0
BRDA:36,1,1,0
BRDA:38,2,0,0
BRDA:38,2,1,0
BRDA:38,2,2,0
BRDA:38,2,3,0
BRDA:52,3,0,0
BRDA:61,4,0,0
BRDA:61,4,1,0
BRDA:65,5,0,0
BRDA:65,5,1,0
BRDA:69,6,0,0
BRDA:69,6,1,0
BRDA:71,7,0,0
BRDA:71,7,1,0
BRDA:80,8,0,0
BRDA:80,8,1,0
BRDA:83,9,0,0
BRDA:83,9,1,0
BRDA:83,10,0,0
BRDA:83,10,1,0
BRF:23
BRH:1
end_of_record
TN:
SF:src\ipfs\MetadataParser.js
FN:27,(anonymous_0)
FN:65,(anonymous_1)
FNF:2
FNH:0
FNDA:0,(anonymous_0)
FNDA:0,(anonymous_1)
DA:28,0
DA:29,0
DA:32,0
DA:34,0
DA:35,0
DA:36,0
DA:41,0
DA:42,0
DA:43,0
DA:44,0
DA:45,0
DA:50,0
DA:51,0
DA:53,0
DA:54,0
DA:57,0
DA:67,0
DA:68,0
DA:70,0
DA:73,0
DA:77,1
LF:21
LH:1
BRDA:28,0,0,0
BRDA:28,0,1,0
BRDA:28,1,0,0
BRDA:28,1,1,0
BRDA:35,2,0,0
BRDA:35,2,1,0
BRDA:44,3,0,0
BRDA:44,3,1,0
BRDA:50,4,0,0
BRDA:50,4,1,0
BRDA:50,5,0,0
BRDA:50,5,1,0
BRDA:53,6,0,0
BRDA:53,6,1,0
BRDA:53,7,0,0
BRDA:53,7,1,0
BRF:16
BRH:0
end_of_record
TN:
SF:src\models\ModelLoader.js
FN:8,(anonymous_0)
FN:25,(anonymous_1)
FN:110,(anonymous_2)
FN:179,(anonymous_3)
FN:194,(anonymous_4)
FN:203,(anonymous_5)
FN:225,(anonymous_6)
FN:246,(anonymous_7)
FN:264,(anonymous_8)
FN:276,(anonymous_9)
FN:277,(anonymous_10)
FN:293,(anonymous_11)
FN:301,(anonymous_12)
FN:310,(anonymous_13)
FN:328,(anonymous_14)
FNF:15
FNH:3
FNDA:1,(anonymous_0)
FNDA:0,(anonymous_1)
FNDA:0,(anonymous_2)
FNDA:0,(anonymous_3)
FNDA:0,(anonymous_4)
FNDA:0,(anonymous_5)
FNDA:0,(anonymous_6)
FNDA:2,(anonymous_7)
FNDA:0,(anonymous_8)
FNDA:0,(anonymous_9)
FNDA:0,(anonymous_10)
FNDA:0,(anonymous_11)
FNDA:0,(anonymous_12)
FNDA:0,(anonymous_13)
FNDA:2,(anonymous_14)
DA:1,1
DA:2,1
DA:3,1
DA:4,1
DA:5,1
DA:9,1
DA:10,1
DA:11,1
DA:12,1
DA:26,0
DA:28,0
DA:29,0
DA:30,0
DA:33,0
DA:34,0
DA:38,0
DA:39,0
DA:44,0
DA:45,0
DA:46,0
DA:47,0
DA:51,0
DA:52,0
DA:54,0
DA:58,0
DA:61,0
DA:68,0
DA:71,0
DA:86,0
DA:89,0
DA:90,0
DA:92,0
DA:95,0
DA:96,0
DA:111,0
DA:114,0
DA:115,0
DA:116,0
DA:119,0
DA:122,0
DA:123,0
DA:124,0
DA:125,0
DA:127,0
DA:129,0
DA:132,0
DA:135,0
DA:138,0
DA:139,0
DA:141,0
DA:144,0
DA:145,0
DA:146,0
DA:148,0
DA:150,0
DA:151,0
DA:152,0
DA:154,0
DA:156,0
DA:159,0
DA:164,0
DA:171,0
DA:180,0
DA:181,0
DA:182,0
DA:183,0
DA:185,0
DA:195,0
DA:196,0
DA:204,0
DA:205,0
DA:206,0
DA:207,0
DA:210,0
DA:212,0
DA:213,0
DA:214,0
DA:215,0
DA:217,0
DA:218,0
DA:226,0
DA:227,0
DA:229,0
DA:230,0
DA:231,0
DA:232,0
DA:236,0
DA:237,0
DA:238,0
DA:247,2
DA:248,2
DA:249,0
DA:257,2
DA:265,0
DA:266,0
DA:268,0
DA:269,0
DA:272,0
DA:277,0
DA:282,0
DA:294,0
DA:295,0
DA:297,0
DA:303,0
DA:305,0
DA:306,0
DA:311,0
DA:312,0
DA:313,0
DA:314,0
DA:319,0
DA:320,0
DA:321,0
DA:329,2
DA:330,2
DA:340,1
LF:116
LH:15
BRDA:11,0,0,1
BRDA:11,0,1,0
BRDA:12,1,0,1
BRDA:12,1,1,0
BRDA:25,2,0,0
BRDA:28,3,0,0
BRDA:28,3,1,0
BRDA:33,4,0,0
BRDA:33,4,1,0
BRDA:44,5,0,0
BRDA:44,5,1,0
BRDA:46,6,0,0
BRDA:46,6,1,0
BRDA:47,7,0,0
BRDA:47,7,1,0
BRDA:114,8,0,0
BRDA:114,8,1,0
BRDA:138,9,0,0
BRDA:138,9,1,0
BRDA:145,10,0,0
BRDA:145,10,1,0
BRDA:181,11,0,0
BRDA:181,11,1,0
BRDA:205,12,0,0
BRDA:205,12,1,0
BRDA:230,13,0,0
BRDA:230,13,1,0
BRDA:236,14,0,0
BRDA:236,14,1,0
BRDA:305,15,0,0
BRDA:305,15,1,0
BRDA:313,16,0,0
BRDA:313,16,1,0
BRDA:320,17,0,0
BRDA:320,17,1,0
BRF:35
BRH:2
end_of_record
TN:
SF:src\postprocessing\ClassificationPostprocessor.js
FN:4,(anonymous_0)
FN:14,(anonymous_1)
FN:27,(anonymous_2)
FN:47,(anonymous_3)
FN:49,(anonymous_4)
FN:50,(anonymous_5)
FN:51,(anonymous_6)
FN:57,(anonymous_7)
FN:59,(anonymous_8)
FN:65,(anonymous_9)
FN:74,(anonymous_10)
FN:75,(anonymous_11)
FN:95,(anonymous_12)
FN:115,(anonymous_13)
FN:130,(anonymous_14)
FN:135,(anonymous_15)
FN:137,(anonymous_16)
FN:140,(anonymous_17)
FN:155,(anonymous_18)
FN:156,(anonymous_19)
FNF:20
FNH:16
FNDA:4,(anonymous_0)
FNDA:2,(anonymous_1)
FNDA:5,(anonymous_2)
FNDA:3,(anonymous_3)
FNDA:13,(anonymous_4)
FNDA:13,(anonymous_5)
FNDA:13,(anonymous_6)
FNDA:2,(anonymous_7)
FNDA:10,(anonymous_8)
FNDA:12,(anonymous_9)
FNDA:2,(anonymous_10)
FNDA:8,(anonymous_11)
FNDA:0,(anonymous_12)
FNDA:0,(anonymous_13)
FNDA:1,(anonymous_14)
FNDA:3,(anonymous_15)
FNDA:3,(anonymous_16)
FNDA:3,(anonymous_17)
FNDA:0,(anonymous_18)
FNDA:0,(anonymous_19)
DA:1,2
DA:5,4
DA:15,2
DA:16,2
DA:17,2
DA:20,2
DA:23,2
DA:26,2
DA:27,5
DA:31,2
DA:33,2
DA:35,2
DA:38,0
DA:39,0
DA:48,3
DA:49,13
DA:50,13
DA:51,13
DA:59,10
DA:65,12
DA:68,2
DA:75,2
DA:76,8
DA:82,8
DA:83,8
DA:85,0
DA:88,8
DA:96,0
DA:97,0
DA:98,0
DA:100,0
DA:101,0
DA:102,0
DA:103,0
DA:106,0
DA:109,0
DA:116,0
DA:131,1
DA:132,0
DA:135,3
DA:136,1
DA:137,3
DA:140,1
DA:141,3
DA:144,1
DA:156,0
DA:157,0
DA:159,0
DA:160,0
DA:161,0
DA:164,0
DA:168,2
LF:52
LH:32
BRDA:4,0,0,0
BRDA:14,1,0,0
BRDA:16,2,0,2
BRDA:16,2,1,0
BRDA:17,3,0,2
BRDA:17,3,1,1
BRDA:26,4,0,1
BRDA:26,4,1,1
BRDA:82,5,0,8
BRDA:82,5,1,0
BRDA:82,6,0,8
BRDA:82,6,1,8
BRDA:96,7,0,0
BRDA:96,7,1,0
BRDA:98,8,0,0
BRDA:98,8,1,0
BRDA:115,9,0,0
BRDA:120,10,0,0
BRDA:120,10,1,0
BRDA:131,11,0,0
BRDA:131,11,1,1
BRDA:141,12,0,3
BRDA:141,12,1,0
BRDA:148,13,0,0
BRDA:148,13,1,1
BRDA:148,14,0,0
BRDA:148,14,1,1
BRDA:159,15,0,0
BRDA:159,15,1,0
BRF:29
BRH:12
end_of_record
TN:
SF:src\preprocessing\ImagePreprocessor.js
FN:5,(anonymous_0)
FN:29,(anonymous_1)
FN:95,(anonymous_2)
FN:124,(anonymous_3)
FN:140,(anonymous_4)
FN:176,(anonymous_5)
FN:204,(anonymous_6)
FN:213,(anonymous_7)
FNF:8
FNH:4
FNDA:5,(anonymous_0)
FNDA:1,(anonymous_1)
FNDA:1,(anonymous_2)
FNDA:1,(anonymous_3)
FNDA:0,(anonymous_4)
FNDA:0,(anonymous_5)
FNDA:0,(anonymous_6)
FNDA:0,(anonymous_7)
DA:1,2
DA:2,2
DA:7,5
DA:30,1
DA:31,1
DA:34,1
DA:37,1
DA:38,1
DA:39,1
DA:43,1
DA:45,0
DA:46,0
DA:47,0
DA:48,1
DA:50,1
DA:51,1
DA:52,1
DA:54,0
DA:58,1
DA:61,0
DA:66,0
DA:67,0
DA:71,0
DA:72,0
DA:81,0
DA:82,0
DA:84,0
DA:87,1
DA:88,1
DA:96,1
DA:97,1
DA:98,1
DA:101,0
DA:103,0
DA:104,0
DA:105,0
DA:108,0
DA:109,0
DA:112,0
DA:115,0
DA:117,0
DA:125,1
DA:126,1
DA:133,1
DA:141,0
DA:142,0
DA:145,0
DA:146,0
DA:149,0
DA:150,0
DA:151,0
DA:152,0
DA:155,0
DA:158,0
DA:159,0
DA:160,0
DA:165,0
DA:166,0
DA:170,0
DA:177,0
DA:178,0
DA:180,0
DA:181,0
DA:184,0
DA:185,0
DA:186,0
DA:190,0
DA:191,0
DA:194,0
DA:197,0
DA:207,0
DA:214,0
DA:216,0
DA:217,0
DA:218,0
DA:219,0
DA:221,0
DA:225,0
DA:237,2
LF:79
LH:24
BRDA:38,0,0,1
BRDA:38,0,1,1
BRDA:39,1,0,1
BRDA:39,1,1,1
BRDA:43,2,0,0
BRDA:43,2,1,1
BRDA:48,3,0,1
BRDA:48,3,1,0
BRDA:66,4,0,0
BRDA:66,4,1,0
BRDA:66,5,0,0
BRDA:66,5,1,0
BRDA:97,6,0,1
BRDA:97,6,1,0
BRDA:101,7,0,0
BRDA:101,7,1,0
BRDA:103,8,0,0
BRDA:103,8,1,0
BRDA:108,9,0,0
BRDA:108,9,1,0
BRDA:145,10,0,0
BRDA:145,10,1,0
BRDA:159,11,0,0
BRDA:159,11,1,0
BRDA:159,12,0,0
BRDA:159,12,1,0
BRDA:180,13,0,0
BRDA:180,13,1,0
BRDA:180,14,0,0
BRDA:180,14,1,0
BRDA:185,15,0,0
BRDA:185,15,1,0
BRDA:190,16,0,0
BRDA:190,16,1,0
BRF:34
BRH:7
end_of_record
TN:
SF:src\preprocessing\PreprocessorFactory.js
FN:16,(anonymous_0)
FN:51,(anonymous_1)
FN:94,(anonymous_2)
FN:130,(anonymous_3)
FN:164,(anonymous_4)
FN:187,(anonymous_5)
FN:206,(anonymous_6)
FN:242,(anonymous_7)
FN:246,(anonymous_8)
FN:247,(anonymous_9)
FN:248,(anonymous_10)
FN:249,(anonymous_11)
FN:257,(anonymous_12)
FNF:13
FNH:1
FNDA:1,(anonymous_0)
FNDA:0,(anonymous_1)
FNDA:0,(anonymous_2)
FNDA:0,(anonymous_3)
FNDA:0,(anonymous_4)
FNDA:0,(anonymous_5)
FNDA:0,(anonymous_6)
FNDA:0,(anonymous_7)
FNDA:0,(anonymous_8)
FNDA:0,(anonymous_9)
FNDA:0,(anonymous_10)
FNDA:0,(anonymous_11)
FNDA:0,(anonymous_12)
DA:1,1
DA:2,1
DA:3,1
DA:17,1
DA:18,1
DA:21,1
DA:52,0
DA:53,0
DA:56,0
DA:57,0
DA:60,0
DA:61,0
DA:62,0
DA:65,0
DA:68,0
DA:70,0
DA:73,0
DA:76,0
DA:79,0
DA:82,0
DA:86,0
DA:87,0
DA:95,0
DA:99,0
DA:105,0
DA:106,0
DA:107,0
DA:112,0
DA:113,0
DA:116,0
DA:120,0
DA:123,0
DA:131,0
DA:135,0
DA:137,0
DA:138,0
DA:141,0
DA:142,0
DA:145,0
DA:146,0
DA:147,0
DA:150,0
DA:154,0
DA:157,0
DA:165,0
DA:168,0
DA:171,0
DA:172,0
DA:176,0
DA:178,0
DA:179,0
DA:182,0
DA:186,0
DA:187,0
DA:189,0
DA:190,0
DA:194,0
DA:197,0
DA:207,0
DA:209,0
DA:210,0
DA:211,0
DA:215,0
DA:217,0
DA:221,0
DA:222,0
DA:223,0
DA:224,0
DA:231,0
DA:234,0
DA:235,0
DA:243,0
DA:246,0
DA:247,0
DA:248,0
DA:249,0
DA:258,0
DA:260,0
DA:261,0
DA:263,0
DA:264,0
DA:266,0
DA:267,0
DA:269,0
DA:270,0
DA:274,0
DA:281,1
LF:87
LH:7
BRDA:56,0,0,0
BRDA:56,0,1,0
BRDA:56,1,0,0
BRDA:56,1,1,0
BRDA:61,2,0,0
BRDA:61,2,1,0
BRDA:68,3,0,0
BRDA:68,3,1,0
BRDA:68,3,2,0
BRDA:68,3,3,0
BRDA:68,3,4,0
BRDA:99,4,0,0
BRDA:99,4,1,0
BRDA:99,4,2,0
BRDA:99,4,3,0
BRDA:99,4,4,0
BRDA:99,4,5,0
BRDA:99,4,6,0
BRDA:105,5,0,0
BRDA:105,5,1,0
BRDA:112,6,0,0
BRDA:112,6,1,0
BRDA:135,7,0,0
BRDA:135,7,1,0
BRDA:135,7,2,0
BRDA:135,7,3,0
BRDA:146,8,0,0
BRDA:146,8,1,0
BRDA:146,8,2,0
BRDA:168,9,0,0
BRDA:168,9,1,0
BRDA:168,9,2,0
BRDA:171,10,0,0
BRDA:171,10,1,0
BRDA:189,11,0,0
BRDA:189,11,1,0
BRDA:194,12,0,0
BRDA:194,12,1,0
BRDA:209,13,0,0
BRDA:209,13,1,0
BRDA:215,14,0,0
BRDA:215,14,1,0
BRDA:215,15,0,0
BRDA:215,15,1,0
BRDA:221,16,0,0
BRDA:221,16,1,0
BRDA:221,17,0,0
BRDA:221,17,1,0
BRDA:260,18,0,0
BRDA:260,18,1,0
BRDA:260,19,0,0
BRDA:260,19,1,0
BRDA:263,20,0,0
BRDA:263,20,1,0
BRDA:266,21,0,0
BRDA:266,21,1,0
BRDA:269,22,0,0
BRDA:269,22,1,0
BRDA:269,23,0,0
BRDA:269,23,1,0
BRF:60
BRH:0
end_of_record
TN:
SF:src\preprocessing\TextPreprocessor.js
FN:8,(anonymous_0)
FN:24,(anonymous_1)
FN:76,(anonymous_2)
FN:82,(anonymous_3)
FN:94,(anonymous_4)
FN:95,(anonymous_5)
FN:99,(anonymous_6)
FN:107,(anonymous_7)
FN:110,(anonymous_8)
FN:120,(anonymous_9)
FN:131,(anonymous_10)
FN:132,(anonymous_11)
FN:138,(anonymous_12)
FN:150,(anonymous_13)
FN:163,(anonymous_14)
FN:178,(anonymous_15)
FN:197,(anonymous_16)
FN:214,(anonymous_17)
FN:216,(anonymous_18)
FN:237,(anonymous_19)
FN:239,(anonymous_20)
FN:253,(anonymous_21)
FN:270,(anonymous_22)
FNF:23
FNH:1
FNDA:1,(anonymous_0)
FNDA:0,(anonymous_1)
FNDA:0,(anonymous_2)
FNDA:0,(anonymous_3)
FNDA:0,(anonymous_4)
FNDA:0,(anonymous_5)
FNDA:0,(anonymous_6)
FNDA:0,(anonymous_7)
FNDA:0,(anonymous_8)
FNDA:0,(anonymous_9)
FNDA:0,(anonymous_10)
FNDA:0,(anonymous_11)
FNDA:0,(anonymous_12)
FNDA:0,(anonymous_13)
FNDA:0,(anonymous_14)
FNDA:0,(anonymous_15)
FNDA:0,(anonymous_16)
FNDA:0,(anonymous_17)
FNDA:0,(anonymous_18)
FNDA:0,(anonymous_19)
FNDA:0,(anonymous_20)
FNDA:0,(anonymous_21)
FNDA:0,(anonymous_22)
DA:1,1
DA:10,1
DA:11,1
DA:12,1
DA:13,1
DA:14,1
DA:15,1
DA:25,0
DA:26,0
DA:29,0
DA:30,0
DA:33,0
DA:34,0
DA:38,0
DA:39,0
DA:40,0
DA:45,0
DA:47,0
DA:48,0
DA:51,0
DA:52,0
DA:55,0
DA:56,0
DA:59,0
DA:62,0
DA:63,0
DA:65,0
DA:68,0
DA:69,0
DA:78,0
DA:79,0
DA:82,0
DA:85,0
DA:88,0
DA:95,0
DA:96,0
DA:99,0
DA:101,0
DA:109,0
DA:110,0
DA:112,0
DA:114,0
DA:121,0
DA:132,0
DA:139,0
DA:141,0
DA:142,0
DA:144,0
DA:151,0
DA:152,0
DA:153,0
DA:154,0
DA:155,0
DA:157,0
DA:164,0
DA:165,0
DA:168,0
DA:169,0
DA:172,0
DA:179,0
DA:182,0
DA:183,0
DA:187,0
DA:188,0
DA:191,0
DA:199,0
DA:200,0
DA:203,0
DA:204,0
DA:205,0
DA:208,0
DA:216,0
DA:218,0
DA:220,0
DA:222,0
DA:223,0
DA:227,0
DA:231,0
DA:238,0
DA:239,0
DA:241,0
DA:242,0
DA:245,0
DA:246,0
DA:254,0
DA:271,0
DA:272,0
DA:276,1
LF:88
LH:8
BRDA:29,0,0,0
BRDA:29,0,1,0
BRDA:33,1,0,0
BRDA:33,1,1,0
BRDA:39,2,0,0
BRDA:39,2,1,0
BRDA:40,3,0,0
BRDA:40,3,1,0
BRDA:45,4,0,0
BRDA:45,4,1,0
BRDA:45,4,2,0
BRDA:45,4,3,0
BRDA:139,5,0,0
BRDA:139,5,1,0
BRDA:164,6,0,0
BRDA:164,6,1,0
BRDA:179,7,0,0
BRDA:179,7,1,0
BRDA:182,8,0,0
BRDA:182,8,1,0
BRDA:218,9,0,0
BRDA:218,9,1,0
BRDA:220,10,0,0
BRDA:220,10,1,0
BRDA:241,11,0,0
BRDA:241,11,1,0
BRDA:245,12,0,0
BRDA:245,12,1,0
BRF:28
BRH:0
end_of_record
TN:
SF:src\routes\inference.routes.js
FN:33,(anonymous_0)
FN:181,(anonymous_1)
FN:216,(anonymous_2)
FN:241,(anonymous_3)
FN:284,(anonymous_4)
FN:314,(anonymous_5)
FN:354,(anonymous_6)
FN:449,(anonymous_7)
FN:460,(anonymous_8)
FNF:9
FNH:5
FNDA:4,(anonymous_0)
FNDA:0,(anonymous_1)
FNDA:1,(anonymous_2)
FNDA:1,(anonymous_3)
FNDA:0,(anonymous_4)
FNDA:1,(anonymous_5)
FNDA:2,(anonymous_6)
FNDA:0,(anonymous_7)
FNDA:0,(anonymous_8)
DA:1,1
DA:2,1
DA:3,1
DA:4,1
DA:5,1
DA:6,1
DA:7,1
DA:11,1
DA:12,1
DA:13,1
DA:14,1
DA:33,1
DA:34,4
DA:36,4
DA:42,4
DA:45,4
DA:46,1
DA:53,3
DA:54,3
DA:67,0
DA:68,0
DA:69,0
DA:78,0
DA:79,0
DA:87,0
DA:89,0
DA:90,0
DA:101,0
DA:102,0
DA:107,0
DA:116,0
DA:120,0
DA:127,0
DA:128,0
DA:130,0
DA:136,0
DA:137,0
DA:140,0
DA:160,0
DA:163,0
DA:165,0
DA:167,0
DA:181,1
DA:182,0
DA:183,0
DA:185,0
DA:204,0
DA:205,0
DA:216,1
DA:217,1
DA:218,1
DA:219,1
DA:221,1
DA:228,0
DA:229,0
DA:241,1
DA:242,1
DA:244,1
DA:246,1
DA:247,1
DA:253,0
DA:255,0
DA:258,0
DA:259,0
DA:262,0
DA:264,0
DA:272,0
DA:273,0
DA:284,1
DA:285,0
DA:286,0
DA:288,0
DA:290,0
DA:291,0
DA:296,0
DA:302,0
DA:303,0
DA:314,1
DA:315,1
DA:316,1
DA:317,1
DA:318,1
DA:320,1
DA:333,0
DA:334,0
DA:354,1
DA:355,2
DA:357,2
DA:363,2
DA:366,2
DA:367,2
DA:380,0
DA:381,0
DA:388,0
DA:389,0
DA:396,0
DA:397,0
DA:398,0
DA:405,0
DA:406,0
DA:408,0
DA:409,0
DA:411,0
DA:413,0
DA:414,0
DA:415,0
DA:419,0
DA:422,0
DA:426,0
DA:429,0
DA:438,0
DA:439,0
DA:449,0
DA:450,0
DA:457,0
DA:458,0
DA:460,0
DA:470,0
DA:472,0
DA:490,0
DA:493,0
DA:494,0
DA:496,0
DA:509,1
LF:124
LH:44
BRDA:39,0,0,4
BRDA:41,1,0,3
BRDA:45,2,0,1
BRDA:45,2,1,3
BRDA:53,3,0,3
BRDA:53,3,1,0
BRDA:68,4,0,0
BRDA:68,4,1,0
BRDA:78,5,0,0
BRDA:78,5,1,0
BRDA:89,6,0,0
BRDA:89,6,1,0
BRDA:117,7,0,0
BRDA:117,7,1,0
BRDA:131,8,0,0
BRDA:131,8,1,0
BRDA:132,9,0,0
BRDA:132,9,1,0
BRDA:244,10,0,0
BRDA:246,11,0,1
BRDA:246,11,1,0
BRDA:246,12,0,1
BRDA:246,12,1,0
BRDA:258,13,0,0
BRDA:258,13,1,0
BRDA:290,14,0,0
BRDA:290,14,1,0
BRDA:360,15,0,2
BRDA:362,16,0,1
BRDA:366,17,0,2
BRDA:366,17,1,0
BRDA:366,18,0,2
BRDA:366,18,1,2
BRDA:366,18,2,0
BRDA:380,19,0,0
BRDA:380,19,1,0
BRDA:388,20,0,0
BRDA:388,20,1,0
BRDA:397,21,0,0
BRDA:397,21,1,0
BRDA:414,22,0,0
BRDA:414,22,1,0
BRDA:438,23,0,0
BRDA:438,23,1,0
BRDA:464,24,0,0
BRDA:464,24,1,0
BRDA:465,25,0,0
BRDA:465,25,1,0
BRF:48
BRH:12
end_of_record
TN:
SF:src\routes\model.routes.js
FN:14,(anonymous_0)
FN:57,(anonymous_1)
FN:81,(anonymous_2)
FN:114,(anonymous_3)
FN:126,(anonymous_4)
FNF:5
FNH:0
FNDA:0,(anonymous_0)
FNDA:0,(anonymous_1)
FNDA:0,(anonymous_2)
FNDA:0,(anonymous_3)
FNDA:0,(anonymous_4)
DA:3,1
DA:4,1
DA:5,1
DA:6,1
DA:8,1
DA:14,1
DA:15,0
DA:16,0
DA:18,0
DA:19,0
DA:22,0
DA:24,0
DA:27,0
DA:31,0
DA:34,0
DA:36,0
DA:44,0
DA:45,0
DA:57,1
DA:58,0
DA:59,0
DA:60,0
DA:62,0
DA:68,0
DA:69,0
DA:81,1
DA:82,0
DA:83,0
DA:84,0
DA:86,0
DA:87,0
DA:89,0
DA:90,0
DA:92,0
DA:100,0
DA:101,0
DA:114,1
DA:115,0
DA:116,0
DA:126,1
DA:127,0
DA:128,0
DA:129,0
DA:135,0
DA:136,0
DA:143,1
LF:46
LH:11
BRDA:16,0,0,0
BRDA:18,1,0,0
BRDA:18,1,1,0
BRDA:18,2,0,0
BRDA:18,2,1,0
BRDA:27,3,0,0
BRDA:27,3,1,0
BRDA:96,4,0,0
BRDA:96,4,1,0
BRF:9
BRH:0
end_of_record
TN:
SF:src\utils\logger.js
FNF:0
FNH:0
DA:1,3
DA:3,3
DA:21,3
DA:22,0
DA:28,0
DA:35,3
LF:6
LH:4
BRDA:4,0,0,3
BRDA:4,0,1,3
BRDA:21,1,0,0
BRDA:21,1,1,3
BRF:4
BRH:3
end_of_record
